Arguments: 
  /home/elm/.config/fnm/bin/node /usr/share/yarn/bin/yarn.js install bulma-divider --save

PATH: 
  /home/elm/anaconda3/bin:/home/elm/.rvm/gems/ruby-2.4.1/bin:/home/elm/.rvm/gems/ruby-2.4.1@global/bin:/usr/share/rvm/rubies/ruby-2.4.1/bin:/usr/share/rvm/bin:/home/elm/.rvm/gems/ruby-2.4.1/bin:/home/elm/.config/fnm/bin:/home/elm/.rvm/gems/ruby-2.4.1/bin:/home/elm/.rvm/gems/ruby-2.4.1@global/bin:/usr/local/sbin:/usr/local/bin:/usr/sbin:/usr/bin:/sbin:/bin:/usr/games:/usr/local/games:/snap/bin

Yarn version: 
  1.5.1

Node version: 
  9.4.0

Platform: 
  linux x64

npm manifest: 
  {
    "name": "apathinwalking.github.io",
    "version": "1.0.0",
    "repository": "https://github.com/apathinwalking/apathinwalking.github.io",
    "author": "Evan Lori Mahone",
    "license": "MIT",
    "private": false,
    "dependencies": {
      "Font-Awesome": "https://github.com/FortAwesome/Font-Awesome",
      "bulma": "^0.6.1",
      "lightbox2": "^2.10.0",
      "sass-material-colors": "^0.0.5"
    }
  }

yarn manifest: 
  No manifest

Lockfile: 
  # THIS IS AN AUTOGENERATED FILE. DO NOT EDIT THIS FILE DIRECTLY.
  # yarn lockfile v1
  
  
  "Font-Awesome@https://github.com/FortAwesome/Font-Awesome":
    version "0.0.0"
    resolved "https://github.com/FortAwesome/Font-Awesome#31281606f5205b0191c17c3b4d2d56e1ddbb2dc6"
  
  bulma@^0.6.1:
    version "0.6.1"
    resolved "https://registry.yarnpkg.com/bulma/-/bulma-0.6.1.tgz#5f21a77c0c06f7d80051c06628c23516081bd649"
  
  lightbox2@^2.10.0:
    version "2.10.0"
    resolved "https://registry.yarnpkg.com/lightbox2/-/lightbox2-2.10.0.tgz#06b3f7b7bd7c1332c20d037602d9657542fd7de4"
  
  sass-material-colors@^0.0.5:
    version "0.0.5"
    resolved "https://registry.yarnpkg.com/sass-material-colors/-/sass-material-colors-0.0.5.tgz#b944539236c94e2d4ece35d2ee3fa22f10b2ed43"

Trace: 
  Error: `install` has been replaced with `add` to add new dependencies. Run "yarn add bulma-divider" instead.
      at new MessageError (/usr/share/yarn/lib/cli.js:186:110)
      at Object.<anonymous> (/usr/share/yarn/lib/cli.js:21987:13)
      at Generator.next (<anonymous>)
      at step (/usr/share/yarn/lib/cli.js:98:30)
      at /usr/share/yarn/lib/cli.js:109:13
      at <anonymous>
