# Logfile created on 2025-07-18 11:27:46 -0400 by logger.rb/v1.7.0
  INFO ---------------------------------------------------------------------------
  INFO START 2025-07-18 11:27:46 -0400 cap production deploy
  INFO ---------------------------------------------------------------------------
  INFO [fb42b54c] Running /usr/bin/env mkdir -p /tmp as deploy@104.236.44.151
 DEBUG [fb42b54c] Command: /usr/bin/env mkdir -p /tmp
  INFO ---------------------------------------------------------------------------
  INFO START 2025-07-18 11:30:16 -0400 cap production deploy
  INFO ---------------------------------------------------------------------------
  INFO [63d39b71] Running /usr/bin/env mkdir -p /tmp as deploy@104.236.44.151
 DEBUG [63d39b71] Command: /usr/bin/env mkdir -p /tmp
  INFO [63d39b71] Finished in 4.553 seconds with exit status 0 (successful).
 DEBUG Uploading /tmp/git-ssh-65bb3859b4a72277775c.sh 0.0%
  INFO Uploading /tmp/git-ssh-65bb3859b4a72277775c.sh 100.0%
  INFO [d3a47d81] Running /usr/bin/env chmod 700 /tmp/git-ssh-65bb3859b4a72277775c.sh as deploy@104.236.44.151
 DEBUG [d3a47d81] Command: /usr/bin/env chmod 700 /tmp/git-ssh-65bb3859b4a72277775c.sh
  INFO [d3a47d81] Finished in 0.097 seconds with exit status 0 (successful).
  INFO [0fa02671] Running /usr/bin/env git ls-remote git@example.com:me/my_repo.git HEAD as deploy@104.236.44.151
 DEBUG [0fa02671] Command: ( export GIT_ASKPASS="/bin/echo" GIT_SSH="/tmp/git-ssh-65bb3859b4a72277775c.sh" ; /usr/bin/env git ls-remote git@example.com:me/my_repo.git HEAD )
  INFO ---------------------------------------------------------------------------
  INFO START 2025-07-18 11:32:52 -0400 cap production deploy
  INFO ---------------------------------------------------------------------------
  INFO [bb585339] Running /usr/bin/env mkdir -p /tmp as deploy@104.236.44.151
 DEBUG [bb585339] Command: /usr/bin/env mkdir -p /tmp
  INFO [bb585339] Finished in 4.323 seconds with exit status 0 (successful).
 DEBUG Uploading /tmp/git-ssh-48b055cf8db3ac5cd5f6.sh 0.0%
  INFO Uploading /tmp/git-ssh-48b055cf8db3ac5cd5f6.sh 100.0%
  INFO [2a8ea1ee] Running /usr/bin/env chmod 700 /tmp/git-ssh-48b055cf8db3ac5cd5f6.sh as deploy@104.236.44.151
 DEBUG [2a8ea1ee] Command: /usr/bin/env chmod 700 /tmp/git-ssh-48b055cf8db3ac5cd5f6.sh
  INFO [2a8ea1ee] Finished in 0.112 seconds with exit status 0 (successful).
  INFO [f2058453] Running /usr/bin/env git ls-remote git@github.com:evanlorim/evanlori-dot-com HEAD as deploy@104.236.44.151
 DEBUG [f2058453] Command: ( export GIT_ASKPASS="/bin/echo" GIT_SSH="/tmp/git-ssh-48b055cf8db3ac5cd5f6.sh" ; /usr/bin/env git ls-remote git@github.com:evanlorim/evanlori-dot-com HEAD )
 DEBUG [f2058453] 	@@@@@@@@@@@@@@@@@@@@@@@@@@@@@@@@@@@@@@@@@@@@@@@@@@@@@@@@@@@
 DEBUG [f2058453] 	@    WARNING: REMOTE HOST IDENTIFICATION HAS CHANGED!     @
 DEBUG [f2058453] 	@@@@@@@@@@@@@@@@@@@@@@@@@@@@@@@@@@@@@@@@@@@@@@@@@@@@@@@@@@@
 DEBUG [f2058453] 	IT IS POSSIBLE THAT SOMEONE IS DOING SOMETHING NASTY!
 DEBUG [f2058453] 	Someone could be eavesdropping on you right now (man-in-the-middle attack)!
 DEBUG [f2058453] 	It is also possible that a host key has just been changed.
 DEBUG [f2058453] 	The fingerprint for the RSA key sent by the remote host is
SHA256:uNiVztksCsDhcc0u9e8BujQXVUpKZIDTMczCvj3tD2s.
 DEBUG [f2058453] 	Please contact your system administrator.
 DEBUG [f2058453] 	Add correct host key in /home/deploy/.ssh/known_hosts to get rid of this message.
 DEBUG [f2058453] 	Offending RSA key in /home/deploy/.ssh/known_hosts:1
 DEBUG [f2058453] 	  remove with:
 DEBUG [f2058453] 	  ssh-keygen -f "/home/deploy/.ssh/known_hosts" -R "github.com"
 DEBUG [f2058453] 	Keyboard-interactive authentication is disabled to avoid man-in-the-middle attacks.
 DEBUG [f2058453] 	git@github.com: Permission denied (publickey).
 DEBUG [f2058453] 	fatal: Could not read from remote repository.

Please make sure you have the correct access rights
and the repository exists.
  INFO ---------------------------------------------------------------------------
  INFO START 2025-07-18 11:34:26 -0400 cap production deploy
  INFO ---------------------------------------------------------------------------
  INFO [6788ee79] Running /usr/bin/env mkdir -p /tmp as deploy@104.236.44.151
 DEBUG [6788ee79] Command: /usr/bin/env mkdir -p /tmp
  INFO [6788ee79] Finished in 3.991 seconds with exit status 0 (successful).
 DEBUG Uploading /tmp/git-ssh-c70c50944b1d694c0c7b.sh 0.0%
  INFO Uploading /tmp/git-ssh-c70c50944b1d694c0c7b.sh 100.0%
  INFO [d93ac386] Running /usr/bin/env chmod 700 /tmp/git-ssh-c70c50944b1d694c0c7b.sh as deploy@104.236.44.151
 DEBUG [d93ac386] Command: /usr/bin/env chmod 700 /tmp/git-ssh-c70c50944b1d694c0c7b.sh
  INFO [d93ac386] Finished in 0.093 seconds with exit status 0 (successful).
  INFO [e8425b6a] Running /usr/bin/env git ls-remote git@github.com:evanlorim/evanlori-dot-com HEAD as deploy@104.236.44.151
 DEBUG [e8425b6a] Command: ( export GIT_ASKPASS="/bin/echo" GIT_SSH="/tmp/git-ssh-c70c50944b1d694c0c7b.sh" ; /usr/bin/env git ls-remote git@github.com:evanlorim/evanlori-dot-com HEAD )
 DEBUG [e8425b6a] 	@@@@@@@@@@@@@@@@@@@@@@@@@@@@@@@@@@@@@@@@@@@@@@@@@@@@@@@@@@@
 DEBUG [e8425b6a] 	@    WARNING: REMOTE HOST IDENTIFICATION HAS CHANGED!     @
 DEBUG [e8425b6a] 	@@@@@@@@@@@@@@@@@@@@@@@@@@@@@@@@@@@@@@@@@@@@@@@@@@@@@@@@@@@
 DEBUG [e8425b6a] 	IT IS POSSIBLE THAT SOMEONE IS DOING SOMETHING NASTY!
 DEBUG [e8425b6a] 	Someone could be eavesdropping on you right now (man-in-the-middle attack)!
 DEBUG [e8425b6a] 	It is also possible that a host key has just been changed.
 DEBUG [e8425b6a] 	The fingerprint for the RSA key sent by the remote host is
SHA256:uNiVztksCsDhcc0u9e8BujQXVUpKZIDTMczCvj3tD2s.
 DEBUG [e8425b6a] 	Please contact your system administrator.
 DEBUG [e8425b6a] 	Add correct host key in /home/deploy/.ssh/known_hosts to get rid of this message.
 DEBUG [e8425b6a] 	Offending RSA key in /home/deploy/.ssh/known_hosts:1
 DEBUG [e8425b6a] 	  remove with:
 DEBUG [e8425b6a] 	  ssh-keygen -f "/home/deploy/.ssh/known_hosts" -R "github.com"
 DEBUG [e8425b6a] 	Keyboard-interactive authentication is disabled to avoid man-in-the-middle attacks.
 DEBUG [e8425b6a] 	git@github.com: Permission denied (publickey).
 DEBUG [e8425b6a] 	fatal: Could not read from remote repository.

Please make sure you have the correct access rights
and the repository exists.
  INFO ---------------------------------------------------------------------------
  INFO START 2025-07-18 11:36:21 -0400 cap production deploy
  INFO ---------------------------------------------------------------------------
  INFO [4dc18202] Running /usr/bin/env mkdir -p /tmp as deploy@104.236.44.151
 DEBUG [4dc18202] Command: /usr/bin/env mkdir -p /tmp
  INFO [4dc18202] Finished in 5.649 seconds with exit status 0 (successful).
 DEBUG Uploading /tmp/git-ssh-4e06a7dc2d14a60ab62a.sh 0.0%
  INFO Uploading /tmp/git-ssh-4e06a7dc2d14a60ab62a.sh 100.0%
  INFO [b985966a] Running /usr/bin/env chmod 700 /tmp/git-ssh-4e06a7dc2d14a60ab62a.sh as deploy@104.236.44.151
 DEBUG [b985966a] Command: /usr/bin/env chmod 700 /tmp/git-ssh-4e06a7dc2d14a60ab62a.sh
  INFO [b985966a] Finished in 0.102 seconds with exit status 0 (successful).
  INFO [6423facf] Running /usr/bin/env git ls-remote git@github.com:evanlorim/evanlori-dot-com HEAD as deploy@104.236.44.151
 DEBUG [6423facf] Command: ( export GIT_ASKPASS="/bin/echo" GIT_SSH="/tmp/git-ssh-4e06a7dc2d14a60ab62a.sh" ; /usr/bin/env git ls-remote git@github.com:evanlorim/evanlori-dot-com HEAD )
 DEBUG [6423facf] 	@@@@@@@@@@@@@@@@@@@@@@@@@@@@@@@@@@@@@@@@@@@@@@@@@@@@@@@@@@@
 DEBUG [6423facf] 	@    WARNING: REMOTE HOST IDENTIFICATION HAS CHANGED!     @
 DEBUG [6423facf] 	@@@@@@@@@@@@@@@@@@@@@@@@@@@@@@@@@@@@@@@@@@@@@@@@@@@@@@@@@@@
 DEBUG [6423facf] 	IT IS POSSIBLE THAT SOMEONE IS DOING SOMETHING NASTY!
 DEBUG [6423facf] 	Someone could be eavesdropping on you right now (man-in-the-middle attack)!
 DEBUG [6423facf] 	It is also possible that a host key has just been changed.
 DEBUG [6423facf] 	The fingerprint for the RSA key sent by the remote host is
SHA256:uNiVztksCsDhcc0u9e8BujQXVUpKZIDTMczCvj3tD2s.
 DEBUG [6423facf] 	Please contact your system administrator.
 DEBUG [6423facf] 	Add correct host key in /home/deploy/.ssh/known_hosts to get rid of this message.
 DEBUG [6423facf] 	Offending RSA key in /home/deploy/.ssh/known_hosts:1
 DEBUG [6423facf] 	  remove with:
 DEBUG [6423facf] 	  ssh-keygen -f "/home/deploy/.ssh/known_hosts" -R "github.com"
 DEBUG [6423facf] 	Keyboard-interactive authentication is disabled to avoid man-in-the-middle attacks.
 DEBUG [6423facf] 	git@github.com: Permission denied (publickey).
 DEBUG [6423facf] 	fatal: Could not read from remote repository.

Please make sure you have the correct access rights
and the repository exists.
  INFO ---------------------------------------------------------------------------
  INFO START 2025-07-18 11:43:24 -0400 cap production deploy
  INFO ---------------------------------------------------------------------------
  INFO [7d742eb9] Running /usr/bin/env mkdir -p /tmp as deploy@104.236.44.151
 DEBUG [7d742eb9] Command: /usr/bin/env mkdir -p /tmp
  INFO ---------------------------------------------------------------------------
  INFO START 2025-07-18 11:59:49 -0400 cap production deploy
  INFO ---------------------------------------------------------------------------
  INFO [3856e957] Running /usr/bin/env mkdir -p /tmp as deploy@104.236.44.151
 DEBUG [3856e957] Command: /usr/bin/env mkdir -p /tmp
  INFO [3856e957] Finished in 0.990 seconds with exit status 0 (successful).
 DEBUG Uploading /tmp/git-ssh-62d23e1d210871169ff7.sh 0.0%
  INFO Uploading /tmp/git-ssh-62d23e1d210871169ff7.sh 100.0%
  INFO [92c73bc6] Running /usr/bin/env chmod 700 /tmp/git-ssh-62d23e1d210871169ff7.sh as deploy@104.236.44.151
 DEBUG [92c73bc6] Command: /usr/bin/env chmod 700 /tmp/git-ssh-62d23e1d210871169ff7.sh
  INFO [92c73bc6] Finished in 0.096 seconds with exit status 0 (successful).
  INFO [60d99cfa] Running /usr/bin/env git ls-remote git@github.com:evanlorim/evanlori-dot-com HEAD as deploy@104.236.44.151
 DEBUG [60d99cfa] Command: ( export GIT_ASKPASS="/bin/echo" GIT_SSH="/tmp/git-ssh-62d23e1d210871169ff7.sh" ; /usr/bin/env git ls-remote git@github.com:evanlorim/evanlori-dot-com HEAD )
 DEBUG [60d99cfa] 	@@@@@@@@@@@@@@@@@@@@@@@@@@@@@@@@@@@@@@@@@@@@@@@@@@@@@@@@@@@
 DEBUG [60d99cfa] 	@    WARNING: REMOTE HOST IDENTIFICATION HAS CHANGED!     @
 DEBUG [60d99cfa] 	@@@@@@@@@@@@@@@@@@@@@@@@@@@@@@@@@@@@@@@@@@@@@@@@@@@@@@@@@@@
 DEBUG [60d99cfa] 	IT IS POSSIBLE THAT SOMEONE IS DOING SOMETHING NASTY!
 DEBUG [60d99cfa] 	Someone could be eavesdropping on you right now (man-in-the-middle attack)!
 DEBUG [60d99cfa] 	It is also possible that a host key has just been changed.
 DEBUG [60d99cfa] 	The fingerprint for the RSA key sent by the remote host is
SHA256:uNiVztksCsDhcc0u9e8BujQXVUpKZIDTMczCvj3tD2s.
 DEBUG [60d99cfa] 	Please contact your system administrator.
 DEBUG [60d99cfa] 	Add correct host key in /home/deploy/.ssh/known_hosts to get rid of this message.
 DEBUG [60d99cfa] 	Offending RSA key in /home/deploy/.ssh/known_hosts:1
 DEBUG [60d99cfa] 	  remove with:
 DEBUG [60d99cfa] 	  ssh-keygen -f "/home/deploy/.ssh/known_hosts" -R "github.com"
 DEBUG [60d99cfa] 	Keyboard-interactive authentication is disabled to avoid man-in-the-middle attacks.
 DEBUG [60d99cfa] 	cddffd9f18803ae33cabb87aec9ae577fd5fc564	HEAD
  INFO [60d99cfa] Finished in 1.093 seconds with exit status 0 (successful).
  INFO [2d7cddc8] Running /usr/bin/env mkdir -p /var/www/evanlori.com/shared /var/www/evanlori.com/releases as deploy@104.236.44.151
 DEBUG [2d7cddc8] Command: /usr/bin/env mkdir -p /var/www/evanlori.com/shared /var/www/evanlori.com/releases
  INFO [2d7cddc8] Finished in 0.051 seconds with exit status 0 (successful).
 DEBUG [7a8a51fd] Running [ -f /var/www/evanlori.com/current/REVISION ] as deploy@104.236.44.151
 DEBUG [7a8a51fd] Command: [ -f /var/www/evanlori.com/current/REVISION ]
 DEBUG [7a8a51fd] Finished in 0.093 seconds with exit status 0 (successful).
 DEBUG [e705f739] Running /usr/bin/env cat /var/www/evanlori.com/current/REVISION 2>/dev/null as deploy@104.236.44.151
 DEBUG [e705f739] Command: /usr/bin/env cat /var/www/evanlori.com/current/REVISION 2>/dev/null
 DEBUG [e705f739] 	eec4fa2fe01c4919a2bed09d1c842ac7d981aa19
 DEBUG [e705f739] Finished in 0.097 seconds with exit status 0 (successful).
 DEBUG [33aaf41c] Running [ -f /var/www/evanlori.com/current/REVISION_TIME ] as deploy@104.236.44.151
 DEBUG [33aaf41c] Command: [ -f /var/www/evanlori.com/current/REVISION_TIME ]
 DEBUG [33aaf41c] Finished in 0.093 seconds with exit status 0 (successful).
 DEBUG [e1c68172] Running /usr/bin/env cat /var/www/evanlori.com/current/REVISION_TIME 2>/dev/null as deploy@104.236.44.151
 DEBUG [e1c68172] Command: /usr/bin/env cat /var/www/evanlori.com/current/REVISION_TIME 2>/dev/null
 DEBUG [e1c68172] 	1751649073
 DEBUG [e1c68172] Finished in 0.112 seconds with exit status 0 (successful).
 DEBUG [0c970a32] Running [ -f /var/www/evanlori.com/repo/HEAD ] as deploy@104.236.44.151
 DEBUG [0c970a32] Command: [ -f /var/www/evanlori.com/repo/HEAD ]
 DEBUG [0c970a32] Finished in 0.091 seconds with exit status 0 (successful).
  INFO The repository mirror is at /var/www/evanlori.com/repo
 DEBUG [7cd4ade9] Running if test ! -d /var/www/evanlori.com/repo; then echo "Directory does not exist '/var/www/evanlori.com/repo'" 1>&2; false; fi as deploy@104.236.44.151
 DEBUG [7cd4ade9] Command: if test ! -d /var/www/evanlori.com/repo; then echo "Directory does not exist '/var/www/evanlori.com/repo'" 1>&2; false; fi
 DEBUG [7cd4ade9] Finished in 0.092 seconds with exit status 0 (successful).
  INFO [346186c4] Running /usr/bin/env git remote set-url origin git@github.com:evanlorim/evanlori-dot-com as deploy@104.236.44.151
 DEBUG [346186c4] Command: cd /var/www/evanlori.com/repo && ( export GIT_ASKPASS="/bin/echo" GIT_SSH="/tmp/git-ssh-62d23e1d210871169ff7.sh" ; /usr/bin/env git remote set-url origin git@github.com:evanlorim/evanlori-dot-com )
  INFO [346186c4] Finished in 0.100 seconds with exit status 0 (successful).
  INFO [c8949d66] Running /usr/bin/env git remote update --prune as deploy@104.236.44.151
 DEBUG [c8949d66] Command: cd /var/www/evanlori.com/repo && ( export GIT_ASKPASS="/bin/echo" GIT_SSH="/tmp/git-ssh-62d23e1d210871169ff7.sh" ; /usr/bin/env git remote update --prune )
 DEBUG [c8949d66] 	Fetching origin
 DEBUG [c8949d66] 	@@@@@@@@@@@@@@@@@@@@@@@@@@@@@@@@@@@@@@@@@@@@@@@@@@@@@@@@@@@
 DEBUG [c8949d66] 	@    WARNING: REMOTE HOST IDENTIFICATION HAS CHANGED!     @
 DEBUG [c8949d66] 	@@@@@@@@@@@@@@@@@@@@@@@@@@@@@@@@@@@@@@@@@@@@@@@@@@@@@@@@@@@
 DEBUG [c8949d66] 	IT IS POSSIBLE THAT SOMEONE IS DOING SOMETHING NASTY!
 DEBUG [c8949d66] 	Someone could be eavesdropping on you right now (man-in-the-middle attack)!
 DEBUG [c8949d66] 	It is also possible that a host key has just been changed.
 DEBUG [c8949d66] 	The fingerprint for the RSA key sent by the remote host is
SHA256:uNiVztksCsDhcc0u9e8BujQXVUpKZIDTMczCvj3tD2s.
 DEBUG [c8949d66] 	Please contact your system administrator.
 DEBUG [c8949d66] 	Add correct host key in /home/deploy/.ssh/known_hosts to get rid of this message.
 DEBUG [c8949d66] 	Offending RSA key in /home/deploy/.ssh/known_hosts:1
 DEBUG [c8949d66] 	  remove with:
 DEBUG [c8949d66] 	  ssh-keygen -f "/home/deploy/.ssh/known_hosts" -R "github.com"
 DEBUG [c8949d66] 	Keyboard-interactive authentication is disabled to avoid man-in-the-middle attacks.
 DEBUG [c8949d66] 	From github.com:evanlorim/evanlori-dot-com
 + eec4fa2f...cddffd9f master     -> master  (forced update)
   c9fab3e8..3be7960f  ui-updates -> ui-updates
  INFO [c8949d66] Finished in 1.312 seconds with exit status 0 (successful).
 DEBUG [e63f4082] Running if test ! -d /var/www/evanlori.com/repo; then echo "Directory does not exist '/var/www/evanlori.com/repo'" 1>&2; false; fi as deploy@104.236.44.151
 DEBUG [e63f4082] Command: if test ! -d /var/www/evanlori.com/repo; then echo "Directory does not exist '/var/www/evanlori.com/repo'" 1>&2; false; fi
 DEBUG [e63f4082] Finished in 0.107 seconds with exit status 0 (successful).
  INFO [3c5971db] Running /usr/bin/env mkdir -p /var/www/evanlori.com/releases/20250718155952 as deploy@104.236.44.151
 DEBUG [3c5971db] Command: cd /var/www/evanlori.com/repo && ( export GIT_ASKPASS="/bin/echo" GIT_SSH="/tmp/git-ssh-62d23e1d210871169ff7.sh" ; /usr/bin/env mkdir -p /var/www/evanlori.com/releases/20250718155952 )
  INFO [3c5971db] Finished in 0.098 seconds with exit status 0 (successful).
  INFO [f03bc3df] Running /usr/bin/env git archive master _site | /usr/bin/env tar -x --strip-components 1 -f - -C /var/www/evanlori.com/releases/20250718155952 as deploy@104.236.44.151
 DEBUG [f03bc3df] Command: cd /var/www/evanlori.com/repo && ( export GIT_ASKPASS="/bin/echo" GIT_SSH="/tmp/git-ssh-62d23e1d210871169ff7.sh" ; /usr/bin/env git archive master _site | /usr/bin/env tar -x --strip-components 1 -f - -C /var/www/evanlori.com/releases/20250718155952 )
  INFO [f03bc3df] Finished in 0.211 seconds with exit status 0 (successful).
 DEBUG [917c4ee7] Running if test ! -d /var/www/evanlori.com/repo; then echo "Directory does not exist '/var/www/evanlori.com/repo'" 1>&2; false; fi as deploy@104.236.44.151
 DEBUG [917c4ee7] Command: if test ! -d /var/www/evanlori.com/repo; then echo "Directory does not exist '/var/www/evanlori.com/repo'" 1>&2; false; fi
 DEBUG [917c4ee7] Finished in 0.093 seconds with exit status 0 (successful).
 DEBUG [18178662] Running /usr/bin/env git rev-list --max-count=1 master as deploy@104.236.44.151
 DEBUG [18178662] Command: cd /var/www/evanlori.com/repo && ( export GIT_ASKPASS="/bin/echo" GIT_SSH="/tmp/git-ssh-62d23e1d210871169ff7.sh" ; /usr/bin/env git rev-list --max-count=1 master )
 DEBUG [18178662] 	cddffd9f18803ae33cabb87aec9ae577fd5fc564
 DEBUG [18178662] Finished in 0.094 seconds with exit status 0 (successful).
 DEBUG [87d6c961] Running if test ! -d /var/www/evanlori.com/releases/20250718155952; then echo "Directory does not exist '/var/www/evanlori.com/releases/20250718155952'" 1>&2; false; fi as deploy@104.236.44.151
 DEBUG [87d6c961] Command: if test ! -d /var/www/evanlori.com/releases/20250718155952; then echo "Directory does not exist '/var/www/evanlori.com/releases/20250718155952'" 1>&2; false; fi
 DEBUG [87d6c961] Finished in 0.091 seconds with exit status 0 (successful).
  INFO [d3c9c046] Running /usr/bin/env echo "cddffd9f18803ae33cabb87aec9ae577fd5fc564" > REVISION as deploy@104.236.44.151
 DEBUG [d3c9c046] Command: cd /var/www/evanlori.com/releases/20250718155952 && /usr/bin/env echo "cddffd9f18803ae33cabb87aec9ae577fd5fc564" > REVISION
  INFO [d3c9c046] Finished in 0.094 seconds with exit status 0 (successful).
 DEBUG [af912fa8] Running if test ! -d /var/www/evanlori.com/repo; then echo "Directory does not exist '/var/www/evanlori.com/repo'" 1>&2; false; fi as deploy@104.236.44.151
 DEBUG [af912fa8] Command: if test ! -d /var/www/evanlori.com/repo; then echo "Directory does not exist '/var/www/evanlori.com/repo'" 1>&2; false; fi
 DEBUG [af912fa8] Finished in 0.091 seconds with exit status 0 (successful).
 DEBUG [76f26e56] Running /usr/bin/env git --no-pager log -1 --pretty=format:"%ct" master as deploy@104.236.44.151
 DEBUG [76f26e56] Command: cd /var/www/evanlori.com/repo && ( export GIT_ASKPASS="/bin/echo" GIT_SSH="/tmp/git-ssh-62d23e1d210871169ff7.sh" ; /usr/bin/env git --no-pager log -1 --pretty=format:"%ct" master )
 DEBUG [76f26e56] 	1752854369
 DEBUG [76f26e56] Finished in 0.101 seconds with exit status 0 (successful).
 DEBUG [f75f709c] Running if test ! -d /var/www/evanlori.com/releases/20250718155952; then echo "Directory does not exist '/var/www/evanlori.com/releases/20250718155952'" 1>&2; false; fi as deploy@104.236.44.151
 DEBUG [f75f709c] Command: if test ! -d /var/www/evanlori.com/releases/20250718155952; then echo "Directory does not exist '/var/www/evanlori.com/releases/20250718155952'" 1>&2; false; fi
 DEBUG [f75f709c] Finished in 0.101 seconds with exit status 0 (successful).
  INFO [48f113ec] Running /usr/bin/env echo "1752854369" > REVISION_TIME as deploy@104.236.44.151
 DEBUG [48f113ec] Command: cd /var/www/evanlori.com/releases/20250718155952 && /usr/bin/env echo "1752854369" > REVISION_TIME
  INFO [48f113ec] Finished in 0.102 seconds with exit status 0 (successful).
  INFO [7d62b2c0] Running /usr/bin/env ln -s /var/www/evanlori.com/releases/20250718155952 /var/www/evanlori.com/releases/current as deploy@104.236.44.151
 DEBUG [7d62b2c0] Command: /usr/bin/env ln -s /var/www/evanlori.com/releases/20250718155952 /var/www/evanlori.com/releases/current
  INFO [7d62b2c0] Finished in 0.094 seconds with exit status 0 (successful).
  INFO [5895c51c] Running /usr/bin/env mv /var/www/evanlori.com/releases/current /var/www/evanlori.com as deploy@104.236.44.151
 DEBUG [5895c51c] Command: /usr/bin/env mv /var/www/evanlori.com/releases/current /var/www/evanlori.com
  INFO [5895c51c] Finished in 0.090 seconds with exit status 0 (successful).
 DEBUG [9b46e531] Running /usr/bin/env ls -x /var/www/evanlori.com/releases as deploy@104.236.44.151
 DEBUG [9b46e531] Command: /usr/bin/env ls -x /var/www/evanlori.com/releases
 DEBUG [9b46e531] 	20250524013326	20250526032156	20250526032451	20250704170616	20250704171147
20250718155952
 DEBUG [9b46e531] Finished in 0.104 seconds with exit status 0 (successful).
  INFO Keeping 5 of 6 deployed releases on 104.236.44.151
 DEBUG [63da75cb] Running [ -d /var/www/evanlori.com/current ] as deploy@104.236.44.151
 DEBUG [63da75cb] Command: [ -d /var/www/evanlori.com/current ]
 DEBUG [63da75cb] Finished in 0.096 seconds with exit status 0 (successful).
 DEBUG [710c69e4] Running /usr/bin/env readlink /var/www/evanlori.com/current as deploy@104.236.44.151
 DEBUG [710c69e4] Command: /usr/bin/env readlink /var/www/evanlori.com/current
 DEBUG [710c69e4] 	/var/www/evanlori.com/releases/20250718155952
 DEBUG [710c69e4] Finished in 0.109 seconds with exit status 0 (successful).
  INFO [412afcf6] Running /usr/bin/env rm -rf /var/www/evanlori.com/releases/20250524013326 as deploy@104.236.44.151
 DEBUG [412afcf6] Command: /usr/bin/env rm -rf /var/www/evanlori.com/releases/20250524013326
  INFO [412afcf6] Finished in 0.138 seconds with exit status 0 (successful).
 DEBUG [74fd7a0f] Running if test ! -d /var/www/evanlori.com/releases; then echo "Directory does not exist '/var/www/evanlori.com/releases'" 1>&2; false; fi as deploy@104.236.44.151
 DEBUG [74fd7a0f] Command: if test ! -d /var/www/evanlori.com/releases; then echo "Directory does not exist '/var/www/evanlori.com/releases'" 1>&2; false; fi
 DEBUG [74fd7a0f] Finished in 0.095 seconds with exit status 0 (successful).
  INFO [48c60a2b] Running /usr/bin/env echo "Branch master (at cddffd9f18803ae33cabb87aec9ae577fd5fc564) deployed as release 20250718155952 by elm" >> /var/www/evanlori.com/revisions.log as deploy@104.236.44.151
 DEBUG [48c60a2b] Command: cd /var/www/evanlori.com/releases && /usr/bin/env echo "Branch master (at cddffd9f18803ae33cabb87aec9ae577fd5fc564) deployed as release 20250718155952 by elm" >> /var/www/evanlori.com/revisions.log
  INFO [48c60a2b] Finished in 0.095 seconds with exit status 0 (successful).
  INFO ---------------------------------------------------------------------------
  INFO START 2025-07-18 12:03:56 -0400 cap production deploy
  INFO ---------------------------------------------------------------------------
  INFO [21e7d4ee] Running /usr/bin/env mkdir -p /tmp as deploy@104.236.44.151
 DEBUG [21e7d4ee] Command: /usr/bin/env mkdir -p /tmp
  INFO [21e7d4ee] Finished in 4.807 seconds with exit status 0 (successful).
 DEBUG Uploading /tmp/git-ssh-04c7b95bd0fd971d01eb.sh 0.0%
  INFO Uploading /tmp/git-ssh-04c7b95bd0fd971d01eb.sh 100.0%
  INFO [e49516fc] Running /usr/bin/env chmod 700 /tmp/git-ssh-04c7b95bd0fd971d01eb.sh as deploy@104.236.44.151
 DEBUG [e49516fc] Command: /usr/bin/env chmod 700 /tmp/git-ssh-04c7b95bd0fd971d01eb.sh
  INFO [e49516fc] Finished in 0.101 seconds with exit status 0 (successful).
  INFO [cbe886fb] Running /usr/bin/env git ls-remote git@github.com:evanlorim/evanlori-dot-com HEAD as deploy@104.236.44.151
 DEBUG [cbe886fb] Command: ( export GIT_ASKPASS="/bin/echo" GIT_SSH="/tmp/git-ssh-04c7b95bd0fd971d01eb.sh" ; /usr/bin/env git ls-remote git@github.com:evanlorim/evanlori-dot-com HEAD )
 DEBUG [cbe886fb] 	@@@@@@@@@@@@@@@@@@@@@@@@@@@@@@@@@@@@@@@@@@@@@@@@@@@@@@@@@@@
 DEBUG [cbe886fb] 	@    WARNING: REMOTE HOST IDENTIFICATION HAS CHANGED!     @
 DEBUG [cbe886fb] 	@@@@@@@@@@@@@@@@@@@@@@@@@@@@@@@@@@@@@@@@@@@@@@@@@@@@@@@@@@@
 DEBUG [cbe886fb] 	IT IS POSSIBLE THAT SOMEONE IS DOING SOMETHING NASTY!
 DEBUG [cbe886fb] 	Someone could be eavesdropping on you right now (man-in-the-middle attack)!
 DEBUG [cbe886fb] 	It is also possible that a host key has just been changed.
 DEBUG [cbe886fb] 	The fingerprint for the RSA key sent by the remote host is
SHA256:uNiVztksCsDhcc0u9e8BujQXVUpKZIDTMczCvj3tD2s.
 DEBUG [cbe886fb] 	Please contact your system administrator.
 DEBUG [cbe886fb] 	Add correct host key in /home/deploy/.ssh/known_hosts to get rid of this message.
 DEBUG [cbe886fb] 	Offending RSA key in /home/deploy/.ssh/known_hosts:1
 DEBUG [cbe886fb] 	  remove with:
 DEBUG [cbe886fb] 	  ssh-keygen -f "/home/deploy/.ssh/known_hosts" -R "github.com"
 DEBUG [cbe886fb] 	Keyboard-interactive authentication is disabled to avoid man-in-the-middle attacks.
 DEBUG [cbe886fb] 	git@github.com: Permission denied (publickey).
 DEBUG [cbe886fb] 	fatal: Could not read from remote repository.

Please make sure you have the correct access rights
and the repository exists.
  INFO ---------------------------------------------------------------------------
  INFO START 2025-07-18 12:04:20 -0400 cap production deploy
  INFO ---------------------------------------------------------------------------
  INFO [f94e8fb4] Running /usr/bin/env mkdir -p /tmp as deploy@104.236.44.151
 DEBUG [f94e8fb4] Command: /usr/bin/env mkdir -p /tmp
  INFO [f94e8fb4] Finished in 1.060 seconds with exit status 0 (successful).
 DEBUG Uploading /tmp/git-ssh-bd57860ced3cfd752ea1.sh 0.0%
  INFO Uploading /tmp/git-ssh-bd57860ced3cfd752ea1.sh 100.0%
  INFO [95bf6fdb] Running /usr/bin/env chmod 700 /tmp/git-ssh-bd57860ced3cfd752ea1.sh as deploy@104.236.44.151
 DEBUG [95bf6fdb] Command: /usr/bin/env chmod 700 /tmp/git-ssh-bd57860ced3cfd752ea1.sh
  INFO [95bf6fdb] Finished in 0.090 seconds with exit status 0 (successful).
  INFO [8252cf5d] Running /usr/bin/env git ls-remote git@github.com:evanlorim/evanlori-dot-com HEAD as deploy@104.236.44.151
 DEBUG [8252cf5d] Command: ( export GIT_ASKPASS="/bin/echo" GIT_SSH="/tmp/git-ssh-bd57860ced3cfd752ea1.sh" ; /usr/bin/env git ls-remote git@github.com:evanlorim/evanlori-dot-com HEAD )
 DEBUG [8252cf5d] 	@@@@@@@@@@@@@@@@@@@@@@@@@@@@@@@@@@@@@@@@@@@@@@@@@@@@@@@@@@@
 DEBUG [8252cf5d] 	@    WARNING: REMOTE HOST IDENTIFICATION HAS CHANGED!     @
 DEBUG [8252cf5d] 	@@@@@@@@@@@@@@@@@@@@@@@@@@@@@@@@@@@@@@@@@@@@@@@@@@@@@@@@@@@
 DEBUG [8252cf5d] 	IT IS POSSIBLE THAT SOMEONE IS DOING SOMETHING NASTY!
 DEBUG [8252cf5d] 	Someone could be eavesdropping on you right now (man-in-the-middle attack)!
 DEBUG [8252cf5d] 	It is also possible that a host key has just been changed.
 DEBUG [8252cf5d] 	The fingerprint for the RSA key sent by the remote host is
SHA256:uNiVztksCsDhcc0u9e8BujQXVUpKZIDTMczCvj3tD2s.
 DEBUG [8252cf5d] 	Please contact your system administrator.
 DEBUG [8252cf5d] 	Add correct host key in /home/deploy/.ssh/known_hosts to get rid of this message.
 DEBUG [8252cf5d] 	Offending RSA key in /home/deploy/.ssh/known_hosts:1
 DEBUG [8252cf5d] 	  remove with:
 DEBUG [8252cf5d] 	  ssh-keygen -f "/home/deploy/.ssh/known_hosts" -R "github.com"
 DEBUG [8252cf5d] 	Keyboard-interactive authentication is disabled to avoid man-in-the-middle attacks.
 DEBUG [8252cf5d] 	048a2a5affd10f563358946c324cbb0f3c5b92b1	HEAD
  INFO [8252cf5d] Finished in 1.083 seconds with exit status 0 (successful).
  INFO [540051d9] Running /usr/bin/env mkdir -p /var/www/evanlori.com/shared /var/www/evanlori.com/releases as deploy@104.236.44.151
 DEBUG [540051d9] Command: /usr/bin/env mkdir -p /var/www/evanlori.com/shared /var/www/evanlori.com/releases
  INFO [540051d9] Finished in 0.052 seconds with exit status 0 (successful).
 DEBUG [fc792d60] Running [ -f /var/www/evanlori.com/current/REVISION ] as deploy@104.236.44.151
 DEBUG [fc792d60] Command: [ -f /var/www/evanlori.com/current/REVISION ]
 DEBUG [fc792d60] Finished in 0.090 seconds with exit status 0 (successful).
 DEBUG [aa0b98cd] Running /usr/bin/env cat /var/www/evanlori.com/current/REVISION 2>/dev/null as deploy@104.236.44.151
 DEBUG [aa0b98cd] Command: /usr/bin/env cat /var/www/evanlori.com/current/REVISION 2>/dev/null
 DEBUG [aa0b98cd] 	cddffd9f18803ae33cabb87aec9ae577fd5fc564
 DEBUG [aa0b98cd] Finished in 0.092 seconds with exit status 0 (successful).
 DEBUG [c8ce926e] Running [ -f /var/www/evanlori.com/current/REVISION_TIME ] as deploy@104.236.44.151
 DEBUG [c8ce926e] Command: [ -f /var/www/evanlori.com/current/REVISION_TIME ]
 DEBUG [c8ce926e] Finished in 0.099 seconds with exit status 0 (successful).
 DEBUG [44b53d48] Running /usr/bin/env cat /var/www/evanlori.com/current/REVISION_TIME 2>/dev/null as deploy@104.236.44.151
 DEBUG [44b53d48] Command: /usr/bin/env cat /var/www/evanlori.com/current/REVISION_TIME 2>/dev/null
 DEBUG [44b53d48] 	1752854369
 DEBUG [44b53d48] Finished in 0.094 seconds with exit status 0 (successful).
 DEBUG [3ad21a27] Running [ -f /var/www/evanlori.com/repo/HEAD ] as deploy@104.236.44.151
 DEBUG [3ad21a27] Command: [ -f /var/www/evanlori.com/repo/HEAD ]
 DEBUG [3ad21a27] Finished in 0.094 seconds with exit status 0 (successful).
  INFO The repository mirror is at /var/www/evanlori.com/repo
 DEBUG [2fe7a289] Running if test ! -d /var/www/evanlori.com/repo; then echo "Directory does not exist '/var/www/evanlori.com/repo'" 1>&2; false; fi as deploy@104.236.44.151
 DEBUG [2fe7a289] Command: if test ! -d /var/www/evanlori.com/repo; then echo "Directory does not exist '/var/www/evanlori.com/repo'" 1>&2; false; fi
 DEBUG [2fe7a289] Finished in 0.090 seconds with exit status 0 (successful).
  INFO [722641df] Running /usr/bin/env git remote set-url origin git@github.com:evanlorim/evanlori-dot-com as deploy@104.236.44.151
 DEBUG [722641df] Command: cd /var/www/evanlori.com/repo && ( export GIT_ASKPASS="/bin/echo" GIT_SSH="/tmp/git-ssh-bd57860ced3cfd752ea1.sh" ; /usr/bin/env git remote set-url origin git@github.com:evanlorim/evanlori-dot-com )
  INFO [722641df] Finished in 0.097 seconds with exit status 0 (successful).
  INFO [0b44e129] Running /usr/bin/env git remote update --prune as deploy@104.236.44.151
 DEBUG [0b44e129] Command: cd /var/www/evanlori.com/repo && ( export GIT_ASKPASS="/bin/echo" GIT_SSH="/tmp/git-ssh-bd57860ced3cfd752ea1.sh" ; /usr/bin/env git remote update --prune )
 DEBUG [0b44e129] 	Fetching origin
 DEBUG [0b44e129] 	@@@@@@@@@@@@@@@@@@@@@@@@@@@@@@@@@@@@@@@@@@@@@@@@@@@@@@@@@@@
 DEBUG [0b44e129] 	@    WARNING: REMOTE HOST IDENTIFICATION HAS CHANGED!     @
 DEBUG [0b44e129] 	@@@@@@@@@@@@@@@@@@@@@@@@@@@@@@@@@@@@@@@@@@@@@@@@@@@@@@@@@@@
 DEBUG [0b44e129] 	IT IS POSSIBLE THAT SOMEONE IS DOING SOMETHING NASTY!
 DEBUG [0b44e129] 	Someone could be eavesdropping on you right now (man-in-the-middle attack)!
 DEBUG [0b44e129] 	It is also possible that a host key has just been changed.
 DEBUG [0b44e129] 	The fingerprint for the RSA key sent by the remote host is
SHA256:uNiVztksCsDhcc0u9e8BujQXVUpKZIDTMczCvj3tD2s.
 DEBUG [0b44e129] 	Please contact your system administrator.
 DEBUG [0b44e129] 	Add correct host key in /home/deploy/.ssh/known_hosts to get rid of this message.
 DEBUG [0b44e129] 	Offending RSA key in /home/deploy/.ssh/known_hosts:1
 DEBUG [0b44e129] 	  remove with:
 DEBUG [0b44e129] 	  ssh-keygen -f "/home/deploy/.ssh/known_hosts" -R "github.com"
 DEBUG [0b44e129] 	Keyboard-interactive authentication is disabled to avoid man-in-the-middle attacks.
 DEBUG [0b44e129] 	From github.com:evanlorim/evanlori-dot-com
   cddffd9f..048a2a5a  master     -> master
  INFO [0b44e129] Finished in 1.130 seconds with exit status 0 (successful).
 DEBUG [b394d2ee] Running if test ! -d /var/www/evanlori.com/repo; then echo "Directory does not exist '/var/www/evanlori.com/repo'" 1>&2; false; fi as deploy@104.236.44.151
 DEBUG [b394d2ee] Command: if test ! -d /var/www/evanlori.com/repo; then echo "Directory does not exist '/var/www/evanlori.com/repo'" 1>&2; false; fi
 DEBUG [b394d2ee] Finished in 0.055 seconds with exit status 0 (successful).
  INFO [fe3c9984] Running /usr/bin/env mkdir -p /var/www/evanlori.com/releases/20250718160423 as deploy@104.236.44.151
 DEBUG [fe3c9984] Command: cd /var/www/evanlori.com/repo && ( export GIT_ASKPASS="/bin/echo" GIT_SSH="/tmp/git-ssh-bd57860ced3cfd752ea1.sh" ; /usr/bin/env mkdir -p /var/www/evanlori.com/releases/20250718160423 )
  INFO [fe3c9984] Finished in 0.095 seconds with exit status 0 (successful).
  INFO [26f47af5] Running /usr/bin/env git archive master _site | /usr/bin/env tar -x --strip-components 1 -f - -C /var/www/evanlori.com/releases/20250718160423 as deploy@104.236.44.151
 DEBUG [26f47af5] Command: cd /var/www/evanlori.com/repo && ( export GIT_ASKPASS="/bin/echo" GIT_SSH="/tmp/git-ssh-bd57860ced3cfd752ea1.sh" ; /usr/bin/env git archive master _site | /usr/bin/env tar -x --strip-components 1 -f - -C /var/www/evanlori.com/releases/20250718160423 )
  INFO [26f47af5] Finished in 0.210 seconds with exit status 0 (successful).
 DEBUG [b691d6a9] Running if test ! -d /var/www/evanlori.com/repo; then echo "Directory does not exist '/var/www/evanlori.com/repo'" 1>&2; false; fi as deploy@104.236.44.151
 DEBUG [b691d6a9] Command: if test ! -d /var/www/evanlori.com/repo; then echo "Directory does not exist '/var/www/evanlori.com/repo'" 1>&2; false; fi
 DEBUG [b691d6a9] Finished in 0.097 seconds with exit status 0 (successful).
 DEBUG [5db47c09] Running /usr/bin/env git rev-list --max-count=1 master as deploy@104.236.44.151
 DEBUG [5db47c09] Command: cd /var/www/evanlori.com/repo && ( export GIT_ASKPASS="/bin/echo" GIT_SSH="/tmp/git-ssh-bd57860ced3cfd752ea1.sh" ; /usr/bin/env git rev-list --max-count=1 master )
 DEBUG [5db47c09] 	048a2a5affd10f563358946c324cbb0f3c5b92b1
 DEBUG [5db47c09] Finished in 0.095 seconds with exit status 0 (successful).
 DEBUG [4bae3489] Running if test ! -d /var/www/evanlori.com/releases/20250718160423; then echo "Directory does not exist '/var/www/evanlori.com/releases/20250718160423'" 1>&2; false; fi as deploy@104.236.44.151
 DEBUG [4bae3489] Command: if test ! -d /var/www/evanlori.com/releases/20250718160423; then echo "Directory does not exist '/var/www/evanlori.com/releases/20250718160423'" 1>&2; false; fi
 DEBUG [4bae3489] Finished in 0.101 seconds with exit status 0 (successful).
  INFO [ea6f8774] Running /usr/bin/env echo "048a2a5affd10f563358946c324cbb0f3c5b92b1" > REVISION as deploy@104.236.44.151
 DEBUG [ea6f8774] Command: cd /var/www/evanlori.com/releases/20250718160423 && /usr/bin/env echo "048a2a5affd10f563358946c324cbb0f3c5b92b1" > REVISION
  INFO [ea6f8774] Finished in 0.096 seconds with exit status 0 (successful).
 DEBUG [b1147c06] Running if test ! -d /var/www/evanlori.com/repo; then echo "Directory does not exist '/var/www/evanlori.com/repo'" 1>&2; false; fi as deploy@104.236.44.151
 DEBUG [b1147c06] Command: if test ! -d /var/www/evanlori.com/repo; then echo "Directory does not exist '/var/www/evanlori.com/repo'" 1>&2; false; fi
 DEBUG [b1147c06] Finished in 0.092 seconds with exit status 0 (successful).
 DEBUG [87524edd] Running /usr/bin/env git --no-pager log -1 --pretty=format:"%ct" master as deploy@104.236.44.151
 DEBUG [87524edd] Command: cd /var/www/evanlori.com/repo && ( export GIT_ASKPASS="/bin/echo" GIT_SSH="/tmp/git-ssh-bd57860ced3cfd752ea1.sh" ; /usr/bin/env git --no-pager log -1 --pretty=format:"%ct" master )
 DEBUG [87524edd] 	1752854620
 DEBUG [87524edd] Finished in 0.097 seconds with exit status 0 (successful).
 DEBUG [b26e969c] Running if test ! -d /var/www/evanlori.com/releases/20250718160423; then echo "Directory does not exist '/var/www/evanlori.com/releases/20250718160423'" 1>&2; false; fi as deploy@104.236.44.151
 DEBUG [b26e969c] Command: if test ! -d /var/www/evanlori.com/releases/20250718160423; then echo "Directory does not exist '/var/www/evanlori.com/releases/20250718160423'" 1>&2; false; fi
 DEBUG [b26e969c] Finished in 0.055 seconds with exit status 0 (successful).
  INFO [cddaef25] Running /usr/bin/env echo "1752854620" > REVISION_TIME as deploy@104.236.44.151
 DEBUG [cddaef25] Command: cd /var/www/evanlori.com/releases/20250718160423 && /usr/bin/env echo "1752854620" > REVISION_TIME
  INFO [cddaef25] Finished in 0.101 seconds with exit status 0 (successful).
  INFO [a58dcab6] Running /usr/bin/env ln -s /var/www/evanlori.com/releases/20250718160423 /var/www/evanlori.com/releases/current as deploy@104.236.44.151
 DEBUG [a58dcab6] Command: /usr/bin/env ln -s /var/www/evanlori.com/releases/20250718160423 /var/www/evanlori.com/releases/current
  INFO [a58dcab6] Finished in 0.109 seconds with exit status 0 (successful).
  INFO [73133dae] Running /usr/bin/env mv /var/www/evanlori.com/releases/current /var/www/evanlori.com as deploy@104.236.44.151
 DEBUG [73133dae] Command: /usr/bin/env mv /var/www/evanlori.com/releases/current /var/www/evanlori.com
  INFO [73133dae] Finished in 0.097 seconds with exit status 0 (successful).
 DEBUG [64316812] Running /usr/bin/env ls -x /var/www/evanlori.com/releases as deploy@104.236.44.151
 DEBUG [64316812] Command: /usr/bin/env ls -x /var/www/evanlori.com/releases
 DEBUG [64316812] 	20250526032156	20250526032451	20250704170616	20250704171147	20250718155952
20250718160423
 DEBUG [64316812] Finished in 0.093 seconds with exit status 0 (successful).
  INFO Keeping 5 of 6 deployed releases on 104.236.44.151
 DEBUG [b0231bb5] Running [ -d /var/www/evanlori.com/current ] as deploy@104.236.44.151
 DEBUG [b0231bb5] Command: [ -d /var/www/evanlori.com/current ]
 DEBUG [b0231bb5] Finished in 0.095 seconds with exit status 0 (successful).
 DEBUG [3035baa0] Running /usr/bin/env readlink /var/www/evanlori.com/current as deploy@104.236.44.151
 DEBUG [3035baa0] Command: /usr/bin/env readlink /var/www/evanlori.com/current
 DEBUG [3035baa0] 	/var/www/evanlori.com/releases/20250718160423
 DEBUG [3035baa0] Finished in 0.093 seconds with exit status 0 (successful).
  INFO [d29e687d] Running /usr/bin/env rm -rf /var/www/evanlori.com/releases/20250526032156 as deploy@104.236.44.151
 DEBUG [d29e687d] Command: /usr/bin/env rm -rf /var/www/evanlori.com/releases/20250526032156
  INFO [d29e687d] Finished in 0.148 seconds with exit status 0 (successful).
 DEBUG [796dfdf2] Running if test ! -d /var/www/evanlori.com/releases; then echo "Directory does not exist '/var/www/evanlori.com/releases'" 1>&2; false; fi as deploy@104.236.44.151
 DEBUG [796dfdf2] Command: if test ! -d /var/www/evanlori.com/releases; then echo "Directory does not exist '/var/www/evanlori.com/releases'" 1>&2; false; fi
 DEBUG [796dfdf2] Finished in 0.094 seconds with exit status 0 (successful).
  INFO [85739fb1] Running /usr/bin/env echo "Branch master (at 048a2a5affd10f563358946c324cbb0f3c5b92b1) deployed as release 20250718160423 by elm" >> /var/www/evanlori.com/revisions.log as deploy@104.236.44.151
 DEBUG [85739fb1] Command: cd /var/www/evanlori.com/releases && /usr/bin/env echo "Branch master (at 048a2a5affd10f563358946c324cbb0f3c5b92b1) deployed as release 20250718160423 by elm" >> /var/www/evanlori.com/revisions.log
  INFO [85739fb1] Finished in 0.094 seconds with exit status 0 (successful).
  INFO ---------------------------------------------------------------------------
  INFO START 2025-07-18 12:10:04 -0400 cap production deploy
  INFO ---------------------------------------------------------------------------
  INFO [6927353e] Running /usr/bin/env mkdir -p /tmp as deploy@104.236.44.151
 DEBUG [6927353e] Command: /usr/bin/env mkdir -p /tmp
  INFO [6927353e] Finished in 0.922 seconds with exit status 0 (successful).
 DEBUG Uploading /tmp/git-ssh-7ba9c1a5a44f218db5e6.sh 0.0%
  INFO Uploading /tmp/git-ssh-7ba9c1a5a44f218db5e6.sh 100.0%
  INFO [d3aaf136] Running /usr/bin/env chmod 700 /tmp/git-ssh-7ba9c1a5a44f218db5e6.sh as deploy@104.236.44.151
 DEBUG [d3aaf136] Command: /usr/bin/env chmod 700 /tmp/git-ssh-7ba9c1a5a44f218db5e6.sh
  INFO [d3aaf136] Finished in 0.103 seconds with exit status 0 (successful).
  INFO [35d534b7] Running /usr/bin/env git ls-remote git@github.com:evanlorim/evanlori-dot-com HEAD as deploy@104.236.44.151
 DEBUG [35d534b7] Command: ( export GIT_ASKPASS="/bin/echo" GIT_SSH="/tmp/git-ssh-7ba9c1a5a44f218db5e6.sh" ; /usr/bin/env git ls-remote git@github.com:evanlorim/evanlori-dot-com HEAD )
 DEBUG [35d534b7] 	@@@@@@@@@@@@@@@@@@@@@@@@@@@@@@@@@@@@@@@@@@@@@@@@@@@@@@@@@@@
 DEBUG [35d534b7] 	@    WARNING: REMOTE HOST IDENTIFICATION HAS CHANGED!     @
 DEBUG [35d534b7] 	@@@@@@@@@@@@@@@@@@@@@@@@@@@@@@@@@@@@@@@@@@@@@@@@@@@@@@@@@@@
 DEBUG [35d534b7] 	IT IS POSSIBLE THAT SOMEONE IS DOING SOMETHING NASTY!
 DEBUG [35d534b7] 	Someone could be eavesdropping on you right now (man-in-the-middle attack)!
 DEBUG [35d534b7] 	It is also possible that a host key has just been changed.
 DEBUG [35d534b7] 	The fingerprint for the RSA key sent by the remote host is
SHA256:uNiVztksCsDhcc0u9e8BujQXVUpKZIDTMczCvj3tD2s.
 DEBUG [35d534b7] 	Please contact your system administrator.
 DEBUG [35d534b7] 	Add correct host key in /home/deploy/.ssh/known_hosts to get rid of this message.
 DEBUG [35d534b7] 	Offending RSA key in /home/deploy/.ssh/known_hosts:1
 DEBUG [35d534b7] 	  remove with:
 DEBUG [35d534b7] 	  ssh-keygen -f "/home/deploy/.ssh/known_hosts" -R "github.com"
 DEBUG [35d534b7] 	Keyboard-interactive authentication is disabled to avoid man-in-the-middle attacks.
 DEBUG [35d534b7] 	e4d94544656ab6c13b553859c71cac71c9c1d17a	HEAD
  INFO [35d534b7] Finished in 0.824 seconds with exit status 0 (successful).
  INFO [f2a03af0] Running /usr/bin/env mkdir -p /var/www/evanlori.com/shared /var/www/evanlori.com/releases as deploy@104.236.44.151
 DEBUG [f2a03af0] Command: /usr/bin/env mkdir -p /var/www/evanlori.com/shared /var/www/evanlori.com/releases
  INFO [f2a03af0] Finished in 0.052 seconds with exit status 0 (successful).
 DEBUG [95ef9c22] Running [ -f /var/www/evanlori.com/current/REVISION ] as deploy@104.236.44.151
 DEBUG [95ef9c22] Command: [ -f /var/www/evanlori.com/current/REVISION ]
 DEBUG [95ef9c22] Finished in 0.094 seconds with exit status 0 (successful).
 DEBUG [6e488c16] Running /usr/bin/env cat /var/www/evanlori.com/current/REVISION 2>/dev/null as deploy@104.236.44.151
 DEBUG [6e488c16] Command: /usr/bin/env cat /var/www/evanlori.com/current/REVISION 2>/dev/null
 DEBUG [6e488c16] 	048a2a5affd10f563358946c324cbb0f3c5b92b1
 DEBUG [6e488c16] Finished in 0.095 seconds with exit status 0 (successful).
 DEBUG [9235f755] Running [ -f /var/www/evanlori.com/current/REVISION_TIME ] as deploy@104.236.44.151
 DEBUG [9235f755] Command: [ -f /var/www/evanlori.com/current/REVISION_TIME ]
 DEBUG [9235f755] Finished in 0.049 seconds with exit status 0 (successful).
 DEBUG [42c7fff9] Running /usr/bin/env cat /var/www/evanlori.com/current/REVISION_TIME 2>/dev/null as deploy@104.236.44.151
 DEBUG [42c7fff9] Command: /usr/bin/env cat /var/www/evanlori.com/current/REVISION_TIME 2>/dev/null
 DEBUG [42c7fff9] 	1752854620
 DEBUG [42c7fff9] Finished in 0.097 seconds with exit status 0 (successful).
 DEBUG [26e41aae] Running [ -f /var/www/evanlori.com/repo/HEAD ] as deploy@104.236.44.151
 DEBUG [26e41aae] Command: [ -f /var/www/evanlori.com/repo/HEAD ]
 DEBUG [26e41aae] Finished in 0.094 seconds with exit status 0 (successful).
  INFO The repository mirror is at /var/www/evanlori.com/repo
 DEBUG [bd48a7a4] Running if test ! -d /var/www/evanlori.com/repo; then echo "Directory does not exist '/var/www/evanlori.com/repo'" 1>&2; false; fi as deploy@104.236.44.151
 DEBUG [bd48a7a4] Command: if test ! -d /var/www/evanlori.com/repo; then echo "Directory does not exist '/var/www/evanlori.com/repo'" 1>&2; false; fi
 DEBUG [bd48a7a4] Finished in 0.094 seconds with exit status 0 (successful).
  INFO [61f84c23] Running /usr/bin/env git remote set-url origin git@github.com:evanlorim/evanlori-dot-com as deploy@104.236.44.151
 DEBUG [61f84c23] Command: cd /var/www/evanlori.com/repo && ( export GIT_ASKPASS="/bin/echo" GIT_SSH="/tmp/git-ssh-7ba9c1a5a44f218db5e6.sh" ; /usr/bin/env git remote set-url origin git@github.com:evanlorim/evanlori-dot-com )
  INFO [61f84c23] Finished in 0.106 seconds with exit status 0 (successful).
  INFO [a4332055] Running /usr/bin/env git remote update --prune as deploy@104.236.44.151
 DEBUG [a4332055] Command: cd /var/www/evanlori.com/repo && ( export GIT_ASKPASS="/bin/echo" GIT_SSH="/tmp/git-ssh-7ba9c1a5a44f218db5e6.sh" ; /usr/bin/env git remote update --prune )
 DEBUG [a4332055] 	Fetching origin
 DEBUG [a4332055] 	@@@@@@@@@@@@@@@@@@@@@@@@@@@@@@@@@@@@@@@@@@@@@@@@@@@@@@@@@@@
 DEBUG [a4332055] 	@    WARNING: REMOTE HOST IDENTIFICATION HAS CHANGED!     @
 DEBUG [a4332055] 	@@@@@@@@@@@@@@@@@@@@@@@@@@@@@@@@@@@@@@@@@@@@@@@@@@@@@@@@@@@
 DEBUG [a4332055] 	IT IS POSSIBLE THAT SOMEONE IS DOING SOMETHING NASTY!
 DEBUG [a4332055] 	Someone could be eavesdropping on you right now (man-in-the-middle attack)!
 DEBUG [a4332055] 	It is also possible that a host key has just been changed.
 DEBUG [a4332055] 	The fingerprint for the RSA key sent by the remote host is
SHA256:uNiVztksCsDhcc0u9e8BujQXVUpKZIDTMczCvj3tD2s.
 DEBUG [a4332055] 	Please contact your system administrator.
 DEBUG [a4332055] 	Add correct host key in /home/deploy/.ssh/known_hosts to get rid of this message.
 DEBUG [a4332055] 	Offending RSA key in /home/deploy/.ssh/known_hosts:1
 DEBUG [a4332055] 	  remove with:
 DEBUG [a4332055] 	  ssh-keygen -f "/home/deploy/.ssh/known_hosts" -R "github.com"
 DEBUG [a4332055] 	Keyboard-interactive authentication is disabled to avoid man-in-the-middle attacks.
 DEBUG [a4332055] 	From github.com:evanlorim/evanlori-dot-com
   048a2a5a..e4d94544  master     -> master
  INFO [a4332055] Finished in 1.056 seconds with exit status 0 (successful).
 DEBUG [5c3018bd] Running if test ! -d /var/www/evanlori.com/repo; then echo "Directory does not exist '/var/www/evanlori.com/repo'" 1>&2; false; fi as deploy@104.236.44.151
 DEBUG [5c3018bd] Command: if test ! -d /var/www/evanlori.com/repo; then echo "Directory does not exist '/var/www/evanlori.com/repo'" 1>&2; false; fi
 DEBUG [5c3018bd] Finished in 0.161 seconds with exit status 0 (successful).
  INFO [bde7b137] Running /usr/bin/env mkdir -p /var/www/evanlori.com/releases/20250718161007 as deploy@104.236.44.151
 DEBUG [bde7b137] Command: cd /var/www/evanlori.com/repo && ( export GIT_ASKPASS="/bin/echo" GIT_SSH="/tmp/git-ssh-7ba9c1a5a44f218db5e6.sh" ; /usr/bin/env mkdir -p /var/www/evanlori.com/releases/20250718161007 )
  INFO [bde7b137] Finished in 0.184 seconds with exit status 0 (successful).
  INFO [b3462add] Running /usr/bin/env git archive master _site | /usr/bin/env tar -x --strip-components 1 -f - -C /var/www/evanlori.com/releases/20250718161007 as deploy@104.236.44.151
 DEBUG [b3462add] Command: cd /var/www/evanlori.com/repo && ( export GIT_ASKPASS="/bin/echo" GIT_SSH="/tmp/git-ssh-7ba9c1a5a44f218db5e6.sh" ; /usr/bin/env git archive master _site | /usr/bin/env tar -x --strip-components 1 -f - -C /var/www/evanlori.com/releases/20250718161007 )
  INFO [b3462add] Finished in 0.333 seconds with exit status 0 (successful).
 DEBUG [7e159843] Running if test ! -d /var/www/evanlori.com/repo; then echo "Directory does not exist '/var/www/evanlori.com/repo'" 1>&2; false; fi as deploy@104.236.44.151
 DEBUG [7e159843] Command: if test ! -d /var/www/evanlori.com/repo; then echo "Directory does not exist '/var/www/evanlori.com/repo'" 1>&2; false; fi
 DEBUG [7e159843] Finished in 0.305 seconds with exit status 0 (successful).
 DEBUG [d5320a66] Running /usr/bin/env git rev-list --max-count=1 master as deploy@104.236.44.151
 DEBUG [d5320a66] Command: cd /var/www/evanlori.com/repo && ( export GIT_ASKPASS="/bin/echo" GIT_SSH="/tmp/git-ssh-7ba9c1a5a44f218db5e6.sh" ; /usr/bin/env git rev-list --max-count=1 master )
 DEBUG [d5320a66] 	e4d94544656ab6c13b553859c71cac71c9c1d17a
 DEBUG [d5320a66] Finished in 0.307 seconds with exit status 0 (successful).
 DEBUG [88ab7479] Running if test ! -d /var/www/evanlori.com/releases/20250718161007; then echo "Directory does not exist '/var/www/evanlori.com/releases/20250718161007'" 1>&2; false; fi as deploy@104.236.44.151
 DEBUG [88ab7479] Command: if test ! -d /var/www/evanlori.com/releases/20250718161007; then echo "Directory does not exist '/var/www/evanlori.com/releases/20250718161007'" 1>&2; false; fi
 DEBUG [88ab7479] Finished in 0.325 seconds with exit status 0 (successful).
  INFO [8b43cc86] Running /usr/bin/env echo "e4d94544656ab6c13b553859c71cac71c9c1d17a" > REVISION as deploy@104.236.44.151
 DEBUG [8b43cc86] Command: cd /var/www/evanlori.com/releases/20250718161007 && /usr/bin/env echo "e4d94544656ab6c13b553859c71cac71c9c1d17a" > REVISION
  INFO [8b43cc86] Finished in 0.287 seconds with exit status 0 (successful).
 DEBUG [08d55fd2] Running if test ! -d /var/www/evanlori.com/repo; then echo "Directory does not exist '/var/www/evanlori.com/repo'" 1>&2; false; fi as deploy@104.236.44.151
 DEBUG [08d55fd2] Command: if test ! -d /var/www/evanlori.com/repo; then echo "Directory does not exist '/var/www/evanlori.com/repo'" 1>&2; false; fi
 DEBUG [08d55fd2] Finished in 0.310 seconds with exit status 0 (successful).
 DEBUG [e85f1665] Running /usr/bin/env git --no-pager log -1 --pretty=format:"%ct" master as deploy@104.236.44.151
 DEBUG [e85f1665] Command: cd /var/www/evanlori.com/repo && ( export GIT_ASKPASS="/bin/echo" GIT_SSH="/tmp/git-ssh-7ba9c1a5a44f218db5e6.sh" ; /usr/bin/env git --no-pager log -1 --pretty=format:"%ct" master )
 DEBUG [e85f1665] 	1752854978
 DEBUG [e85f1665] Finished in 0.303 seconds with exit status 0 (successful).
 DEBUG [104862ae] Running if test ! -d /var/www/evanlori.com/releases/20250718161007; then echo "Directory does not exist '/var/www/evanlori.com/releases/20250718161007'" 1>&2; false; fi as deploy@104.236.44.151
 DEBUG [104862ae] Command: if test ! -d /var/www/evanlori.com/releases/20250718161007; then echo "Directory does not exist '/var/www/evanlori.com/releases/20250718161007'" 1>&2; false; fi
 DEBUG [104862ae] Finished in 0.268 seconds with exit status 0 (successful).
  INFO [1de864d3] Running /usr/bin/env echo "1752854978" > REVISION_TIME as deploy@104.236.44.151
 DEBUG [1de864d3] Command: cd /var/www/evanlori.com/releases/20250718161007 && /usr/bin/env echo "1752854978" > REVISION_TIME
  INFO [1de864d3] Finished in 0.100 seconds with exit status 0 (successful).
  INFO [38559781] Running /usr/bin/env ln -s /var/www/evanlori.com/releases/20250718161007 /var/www/evanlori.com/releases/current as deploy@104.236.44.151
 DEBUG [38559781] Command: /usr/bin/env ln -s /var/www/evanlori.com/releases/20250718161007 /var/www/evanlori.com/releases/current
  INFO [38559781] Finished in 0.103 seconds with exit status 0 (successful).
  INFO [3097849c] Running /usr/bin/env mv /var/www/evanlori.com/releases/current /var/www/evanlori.com as deploy@104.236.44.151
 DEBUG [3097849c] Command: /usr/bin/env mv /var/www/evanlori.com/releases/current /var/www/evanlori.com
  INFO [3097849c] Finished in 0.097 seconds with exit status 0 (successful).
 DEBUG [9accf733] Running /usr/bin/env ls -x /var/www/evanlori.com/releases as deploy@104.236.44.151
 DEBUG [9accf733] Command: /usr/bin/env ls -x /var/www/evanlori.com/releases
 DEBUG [9accf733] 	20250526032451	20250704170616	20250704171147	20250718155952	20250718160423
20250718161007
 DEBUG [9accf733] Finished in 0.109 seconds with exit status 0 (successful).
  INFO Keeping 5 of 6 deployed releases on 104.236.44.151
 DEBUG [094eccdd] Running [ -d /var/www/evanlori.com/current ] as deploy@104.236.44.151
 DEBUG [094eccdd] Command: [ -d /var/www/evanlori.com/current ]
 DEBUG [094eccdd] Finished in 0.102 seconds with exit status 0 (successful).
 DEBUG [d093f564] Running /usr/bin/env readlink /var/www/evanlori.com/current as deploy@104.236.44.151
 DEBUG [d093f564] Command: /usr/bin/env readlink /var/www/evanlori.com/current
 DEBUG [d093f564] 	/var/www/evanlori.com/releases/20250718161007
 DEBUG [d093f564] Finished in 0.094 seconds with exit status 0 (successful).
  INFO [76380542] Running /usr/bin/env rm -rf /var/www/evanlori.com/releases/20250526032451 as deploy@104.236.44.151
 DEBUG [76380542] Command: /usr/bin/env rm -rf /var/www/evanlori.com/releases/20250526032451
  INFO [76380542] Finished in 0.147 seconds with exit status 0 (successful).
 DEBUG [6f8e028c] Running if test ! -d /var/www/evanlori.com/releases; then echo "Directory does not exist '/var/www/evanlori.com/releases'" 1>&2; false; fi as deploy@104.236.44.151
 DEBUG [6f8e028c] Command: if test ! -d /var/www/evanlori.com/releases; then echo "Directory does not exist '/var/www/evanlori.com/releases'" 1>&2; false; fi
 DEBUG [6f8e028c] Finished in 0.094 seconds with exit status 0 (successful).
  INFO [3b6b2250] Running /usr/bin/env echo "Branch master (at e4d94544656ab6c13b553859c71cac71c9c1d17a) deployed as release 20250718161007 by elm" >> /var/www/evanlori.com/revisions.log as deploy@104.236.44.151
 DEBUG [3b6b2250] Command: cd /var/www/evanlori.com/releases && /usr/bin/env echo "Branch master (at e4d94544656ab6c13b553859c71cac71c9c1d17a) deployed as release 20250718161007 by elm" >> /var/www/evanlori.com/revisions.log
  INFO [3b6b2250] Finished in 0.053 seconds with exit status 0 (successful).
  INFO ---------------------------------------------------------------------------
  INFO START 2025-07-18 12:25:11 -0400 cap production deploy
  INFO ---------------------------------------------------------------------------
  INFO [e46c2c3b] Running /usr/bin/env mkdir -p /tmp as deploy@104.236.44.151
 DEBUG [e46c2c3b] Command: /usr/bin/env mkdir -p /tmp
  INFO [e46c2c3b] Finished in 1.061 seconds with exit status 0 (successful).
 DEBUG Uploading /tmp/git-ssh-81c049df873c138f137e.sh 0.0%
  INFO Uploading /tmp/git-ssh-81c049df873c138f137e.sh 100.0%
  INFO [7eeb0325] Running /usr/bin/env chmod 700 /tmp/git-ssh-81c049df873c138f137e.sh as deploy@104.236.44.151
 DEBUG [7eeb0325] Command: /usr/bin/env chmod 700 /tmp/git-ssh-81c049df873c138f137e.sh
  INFO [7eeb0325] Finished in 0.103 seconds with exit status 0 (successful).
  INFO [74efc837] Running /usr/bin/env git ls-remote git@github.com:evanlorim/evanlori-dot-com HEAD as deploy@104.236.44.151
 DEBUG [74efc837] Command: ( export GIT_ASKPASS="/bin/echo" GIT_SSH="/tmp/git-ssh-81c049df873c138f137e.sh" ; /usr/bin/env git ls-remote git@github.com:evanlorim/evanlori-dot-com HEAD )
 DEBUG [74efc837] 	@@@@@@@@@@@@@@@@@@@@@@@@@@@@@@@@@@@@@@@@@@@@@@@@@@@@@@@@@@@
 DEBUG [74efc837] 	@    WARNING: REMOTE HOST IDENTIFICATION HAS CHANGED!     @
 DEBUG [74efc837] 	@@@@@@@@@@@@@@@@@@@@@@@@@@@@@@@@@@@@@@@@@@@@@@@@@@@@@@@@@@@
 DEBUG [74efc837] 	IT IS POSSIBLE THAT SOMEONE IS DOING SOMETHING NASTY!
 DEBUG [74efc837] 	Someone could be eavesdropping on you right now (man-in-the-middle attack)!
 DEBUG [74efc837] 	It is also possible that a host key has just been changed.
 DEBUG [74efc837] 	The fingerprint for the RSA key sent by the remote host is
SHA256:uNiVztksCsDhcc0u9e8BujQXVUpKZIDTMczCvj3tD2s.
 DEBUG [74efc837] 	Please contact your system administrator.
 DEBUG [74efc837] 	Add correct host key in /home/deploy/.ssh/known_hosts to get rid of this message.
 DEBUG [74efc837] 	Offending RSA key in /home/deploy/.ssh/known_hosts:1
 DEBUG [74efc837] 	  remove with:
 DEBUG [74efc837] 	  ssh-keygen -f "/home/deploy/.ssh/known_hosts" -R "github.com"
 DEBUG [74efc837] 	Keyboard-interactive authentication is disabled to avoid man-in-the-middle attacks.
 DEBUG [74efc837] 	999705263c71fa99e902cef47cef5f802c8dfca2	HEAD
  INFO [74efc837] Finished in 1.040 seconds with exit status 0 (successful).
  INFO [512332eb] Running /usr/bin/env mkdir -p /var/www/evanlori.com/shared /var/www/evanlori.com/releases as deploy@104.236.44.151
 DEBUG [512332eb] Command: /usr/bin/env mkdir -p /var/www/evanlori.com/shared /var/www/evanlori.com/releases
  INFO [512332eb] Finished in 0.156 seconds with exit status 0 (successful).
 DEBUG [45abd73a] Running [ -f /var/www/evanlori.com/current/REVISION ] as deploy@104.236.44.151
 DEBUG [45abd73a] Command: [ -f /var/www/evanlori.com/current/REVISION ]
 DEBUG [45abd73a] Finished in 0.298 seconds with exit status 0 (successful).
 DEBUG [1cdc2927] Running /usr/bin/env cat /var/www/evanlori.com/current/REVISION 2>/dev/null as deploy@104.236.44.151
 DEBUG [1cdc2927] Command: /usr/bin/env cat /var/www/evanlori.com/current/REVISION 2>/dev/null
 DEBUG [1cdc2927] 	e4d94544656ab6c13b553859c71cac71c9c1d17a
 DEBUG [1cdc2927] Finished in 0.291 seconds with exit status 0 (successful).
 DEBUG [4caa3617] Running [ -f /var/www/evanlori.com/current/REVISION_TIME ] as deploy@104.236.44.151
 DEBUG [4caa3617] Command: [ -f /var/www/evanlori.com/current/REVISION_TIME ]
 DEBUG [4caa3617] Finished in 0.192 seconds with exit status 0 (successful).
 DEBUG [07856d68] Running /usr/bin/env cat /var/www/evanlori.com/current/REVISION_TIME 2>/dev/null as deploy@104.236.44.151
 DEBUG [07856d68] Command: /usr/bin/env cat /var/www/evanlori.com/current/REVISION_TIME 2>/dev/null
 DEBUG [07856d68] 	1752854978
 DEBUG [07856d68] Finished in 0.215 seconds with exit status 0 (successful).
 DEBUG [acd18e56] Running [ -f /var/www/evanlori.com/repo/HEAD ] as deploy@104.236.44.151
 DEBUG [acd18e56] Command: [ -f /var/www/evanlori.com/repo/HEAD ]
 DEBUG [acd18e56] Finished in 0.095 seconds with exit status 0 (successful).
  INFO The repository mirror is at /var/www/evanlori.com/repo
 DEBUG [a9ecea61] Running if test ! -d /var/www/evanlori.com/repo; then echo "Directory does not exist '/var/www/evanlori.com/repo'" 1>&2; false; fi as deploy@104.236.44.151
 DEBUG [a9ecea61] Command: if test ! -d /var/www/evanlori.com/repo; then echo "Directory does not exist '/var/www/evanlori.com/repo'" 1>&2; false; fi
 DEBUG [a9ecea61] Finished in 0.102 seconds with exit status 0 (successful).
  INFO [dabe6a57] Running /usr/bin/env git remote set-url origin git@github.com:evanlorim/evanlori-dot-com as deploy@104.236.44.151
 DEBUG [dabe6a57] Command: cd /var/www/evanlori.com/repo && ( export GIT_ASKPASS="/bin/echo" GIT_SSH="/tmp/git-ssh-81c049df873c138f137e.sh" ; /usr/bin/env git remote set-url origin git@github.com:evanlorim/evanlori-dot-com )
  INFO [dabe6a57] Finished in 0.095 seconds with exit status 0 (successful).
  INFO [ae947d0f] Running /usr/bin/env git remote update --prune as deploy@104.236.44.151
 DEBUG [ae947d0f] Command: cd /var/www/evanlori.com/repo && ( export GIT_ASKPASS="/bin/echo" GIT_SSH="/tmp/git-ssh-81c049df873c138f137e.sh" ; /usr/bin/env git remote update --prune )
 DEBUG [ae947d0f] 	Fetching origin
 DEBUG [ae947d0f] 	@@@@@@@@@@@@@@@@@@@@@@@@@@@@@@@@@@@@@@@@@@@@@@@@@@@@@@@@@@@
 DEBUG [ae947d0f] 	@    WARNING: REMOTE HOST IDENTIFICATION HAS CHANGED!     @
 DEBUG [ae947d0f] 	@@@@@@@@@@@@@@@@@@@@@@@@@@@@@@@@@@@@@@@@@@@@@@@@@@@@@@@@@@@
 DEBUG [ae947d0f] 	IT IS POSSIBLE THAT SOMEONE IS DOING SOMETHING NASTY!
 DEBUG [ae947d0f] 	Someone could be eavesdropping on you right now (man-in-the-middle attack)!
 DEBUG [ae947d0f] 	It is also possible that a host key has just been changed.
 DEBUG [ae947d0f] 	The fingerprint for the RSA key sent by the remote host is
SHA256:uNiVztksCsDhcc0u9e8BujQXVUpKZIDTMczCvj3tD2s.
 DEBUG [ae947d0f] 	Please contact your system administrator.
 DEBUG [ae947d0f] 	Add correct host key in /home/deploy/.ssh/known_hosts to get rid of this message.
 DEBUG [ae947d0f] 	Offending RSA key in /home/deploy/.ssh/known_hosts:1
 DEBUG [ae947d0f] 	  remove with:
 DEBUG [ae947d0f] 	  ssh-keygen -f "/home/deploy/.ssh/known_hosts" -R "github.com"
 DEBUG [ae947d0f] 	Keyboard-interactive authentication is disabled to avoid man-in-the-middle attacks.
 DEBUG [ae947d0f] 	From github.com:evanlorim/evanlori-dot-com
   e4d94544..99970526  master     -> master
  INFO [ae947d0f] Finished in 0.804 seconds with exit status 0 (successful).
 DEBUG [b91a0827] Running if test ! -d /var/www/evanlori.com/repo; then echo "Directory does not exist '/var/www/evanlori.com/repo'" 1>&2; false; fi as deploy@104.236.44.151
 DEBUG [b91a0827] Command: if test ! -d /var/www/evanlori.com/repo; then echo "Directory does not exist '/var/www/evanlori.com/repo'" 1>&2; false; fi
 DEBUG [b91a0827] Finished in 0.047 seconds with exit status 0 (successful).
  INFO [369e9fce] Running /usr/bin/env mkdir -p /var/www/evanlori.com/releases/20250718162515 as deploy@104.236.44.151
 DEBUG [369e9fce] Command: cd /var/www/evanlori.com/repo && ( export GIT_ASKPASS="/bin/echo" GIT_SSH="/tmp/git-ssh-81c049df873c138f137e.sh" ; /usr/bin/env mkdir -p /var/www/evanlori.com/releases/20250718162515 )
  INFO [369e9fce] Finished in 0.096 seconds with exit status 0 (successful).
  INFO [bcb7fe04] Running /usr/bin/env git archive master _site | /usr/bin/env tar -x --strip-components 1 -f - -C /var/www/evanlori.com/releases/20250718162515 as deploy@104.236.44.151
 DEBUG [bcb7fe04] Command: cd /var/www/evanlori.com/repo && ( export GIT_ASKPASS="/bin/echo" GIT_SSH="/tmp/git-ssh-81c049df873c138f137e.sh" ; /usr/bin/env git archive master _site | /usr/bin/env tar -x --strip-components 1 -f - -C /var/www/evanlori.com/releases/20250718162515 )
  INFO [bcb7fe04] Finished in 0.213 seconds with exit status 0 (successful).
 DEBUG [5aaddb64] Running if test ! -d /var/www/evanlori.com/repo; then echo "Directory does not exist '/var/www/evanlori.com/repo'" 1>&2; false; fi as deploy@104.236.44.151
 DEBUG [5aaddb64] Command: if test ! -d /var/www/evanlori.com/repo; then echo "Directory does not exist '/var/www/evanlori.com/repo'" 1>&2; false; fi
 DEBUG [5aaddb64] Finished in 0.096 seconds with exit status 0 (successful).
 DEBUG [d214b603] Running /usr/bin/env git rev-list --max-count=1 master as deploy@104.236.44.151
 DEBUG [d214b603] Command: cd /var/www/evanlori.com/repo && ( export GIT_ASKPASS="/bin/echo" GIT_SSH="/tmp/git-ssh-81c049df873c138f137e.sh" ; /usr/bin/env git rev-list --max-count=1 master )
 DEBUG [d214b603] 	999705263c71fa99e902cef47cef5f802c8dfca2
 DEBUG [d214b603] Finished in 0.096 seconds with exit status 0 (successful).
 DEBUG [286c135c] Running if test ! -d /var/www/evanlori.com/releases/20250718162515; then echo "Directory does not exist '/var/www/evanlori.com/releases/20250718162515'" 1>&2; false; fi as deploy@104.236.44.151
 DEBUG [286c135c] Command: if test ! -d /var/www/evanlori.com/releases/20250718162515; then echo "Directory does not exist '/var/www/evanlori.com/releases/20250718162515'" 1>&2; false; fi
 DEBUG [286c135c] Finished in 0.094 seconds with exit status 0 (successful).
  INFO [9d767a0f] Running /usr/bin/env echo "999705263c71fa99e902cef47cef5f802c8dfca2" > REVISION as deploy@104.236.44.151
 DEBUG [9d767a0f] Command: cd /var/www/evanlori.com/releases/20250718162515 && /usr/bin/env echo "999705263c71fa99e902cef47cef5f802c8dfca2" > REVISION
  INFO [9d767a0f] Finished in 0.108 seconds with exit status 0 (successful).
 DEBUG [2bf70d27] Running if test ! -d /var/www/evanlori.com/repo; then echo "Directory does not exist '/var/www/evanlori.com/repo'" 1>&2; false; fi as deploy@104.236.44.151
 DEBUG [2bf70d27] Command: if test ! -d /var/www/evanlori.com/repo; then echo "Directory does not exist '/var/www/evanlori.com/repo'" 1>&2; false; fi
 DEBUG [2bf70d27] Finished in 0.091 seconds with exit status 0 (successful).
 DEBUG [7a5feca8] Running /usr/bin/env git --no-pager log -1 --pretty=format:"%ct" master as deploy@104.236.44.151
 DEBUG [7a5feca8] Command: cd /var/www/evanlori.com/repo && ( export GIT_ASKPASS="/bin/echo" GIT_SSH="/tmp/git-ssh-81c049df873c138f137e.sh" ; /usr/bin/env git --no-pager log -1 --pretty=format:"%ct" master )
 DEBUG [7a5feca8] 	1752855904
 DEBUG [7a5feca8] Finished in 0.124 seconds with exit status 0 (successful).
 DEBUG [e09b537a] Running if test ! -d /var/www/evanlori.com/releases/20250718162515; then echo "Directory does not exist '/var/www/evanlori.com/releases/20250718162515'" 1>&2; false; fi as deploy@104.236.44.151
 DEBUG [e09b537a] Command: if test ! -d /var/www/evanlori.com/releases/20250718162515; then echo "Directory does not exist '/var/www/evanlori.com/releases/20250718162515'" 1>&2; false; fi
 DEBUG [e09b537a] Finished in 0.054 seconds with exit status 0 (successful).
  INFO [16de6e5d] Running /usr/bin/env echo "1752855904" > REVISION_TIME as deploy@104.236.44.151
 DEBUG [16de6e5d] Command: cd /var/www/evanlori.com/releases/20250718162515 && /usr/bin/env echo "1752855904" > REVISION_TIME
  INFO [16de6e5d] Finished in 0.091 seconds with exit status 0 (successful).
  INFO [73efd7c8] Running /usr/bin/env ln -s /var/www/evanlori.com/releases/20250718162515 /var/www/evanlori.com/releases/current as deploy@104.236.44.151
 DEBUG [73efd7c8] Command: /usr/bin/env ln -s /var/www/evanlori.com/releases/20250718162515 /var/www/evanlori.com/releases/current
  INFO [73efd7c8] Finished in 0.090 seconds with exit status 0 (successful).
  INFO [6f4f1a2e] Running /usr/bin/env mv /var/www/evanlori.com/releases/current /var/www/evanlori.com as deploy@104.236.44.151
 DEBUG [6f4f1a2e] Command: /usr/bin/env mv /var/www/evanlori.com/releases/current /var/www/evanlori.com
  INFO [6f4f1a2e] Finished in 0.103 seconds with exit status 0 (successful).
 DEBUG [19782bcc] Running /usr/bin/env ls -x /var/www/evanlori.com/releases as deploy@104.236.44.151
 DEBUG [19782bcc] Command: /usr/bin/env ls -x /var/www/evanlori.com/releases
 DEBUG [19782bcc] 	20250704170616	20250704171147	20250718155952	20250718160423	20250718161007
20250718162515
 DEBUG [19782bcc] Finished in 0.096 seconds with exit status 0 (successful).
  INFO Keeping 5 of 6 deployed releases on 104.236.44.151
 DEBUG [6b51337f] Running [ -d /var/www/evanlori.com/current ] as deploy@104.236.44.151
 DEBUG [6b51337f] Command: [ -d /var/www/evanlori.com/current ]
 DEBUG [6b51337f] Finished in 0.100 seconds with exit status 0 (successful).
 DEBUG [4538765f] Running /usr/bin/env readlink /var/www/evanlori.com/current as deploy@104.236.44.151
 DEBUG [4538765f] Command: /usr/bin/env readlink /var/www/evanlori.com/current
 DEBUG [4538765f] 	/var/www/evanlori.com/releases/20250718162515
 DEBUG [4538765f] Finished in 0.095 seconds with exit status 0 (successful).
  INFO [b17e4893] Running /usr/bin/env rm -rf /var/www/evanlori.com/releases/20250704170616 as deploy@104.236.44.151
 DEBUG [b17e4893] Command: /usr/bin/env rm -rf /var/www/evanlori.com/releases/20250704170616
  INFO [b17e4893] Finished in 0.155 seconds with exit status 0 (successful).
 DEBUG [40b32b7c] Running if test ! -d /var/www/evanlori.com/releases; then echo "Directory does not exist '/var/www/evanlori.com/releases'" 1>&2; false; fi as deploy@104.236.44.151
 DEBUG [40b32b7c] Command: if test ! -d /var/www/evanlori.com/releases; then echo "Directory does not exist '/var/www/evanlori.com/releases'" 1>&2; false; fi
 DEBUG [40b32b7c] Finished in 0.092 seconds with exit status 0 (successful).
  INFO [0affd2b2] Running /usr/bin/env echo "Branch master (at 999705263c71fa99e902cef47cef5f802c8dfca2) deployed as release 20250718162515 by elm" >> /var/www/evanlori.com/revisions.log as deploy@104.236.44.151
 DEBUG [0affd2b2] Command: cd /var/www/evanlori.com/releases && /usr/bin/env echo "Branch master (at 999705263c71fa99e902cef47cef5f802c8dfca2) deployed as release 20250718162515 by elm" >> /var/www/evanlori.com/revisions.log
  INFO [0affd2b2] Finished in 0.095 seconds with exit status 0 (successful).
  INFO ---------------------------------------------------------------------------
  INFO START 2025-07-18 12:27:36 -0400 cap production deploy
  INFO ---------------------------------------------------------------------------
  INFO [29618bfa] Running /usr/bin/env mkdir -p /tmp as deploy@104.236.44.151
 DEBUG [29618bfa] Command: /usr/bin/env mkdir -p /tmp
  INFO [29618bfa] Finished in 0.901 seconds with exit status 0 (successful).
 DEBUG Uploading /tmp/git-ssh-54c44d5d474e8313ac82.sh 0.0%
  INFO Uploading /tmp/git-ssh-54c44d5d474e8313ac82.sh 100.0%
  INFO [ea48faa9] Running /usr/bin/env chmod 700 /tmp/git-ssh-54c44d5d474e8313ac82.sh as deploy@104.236.44.151
 DEBUG [ea48faa9] Command: /usr/bin/env chmod 700 /tmp/git-ssh-54c44d5d474e8313ac82.sh
  INFO [ea48faa9] Finished in 0.104 seconds with exit status 0 (successful).
  INFO [888bccf4] Running /usr/bin/env git ls-remote git@github.com:evanlorim/evanlori-dot-com HEAD as deploy@104.236.44.151
 DEBUG [888bccf4] Command: ( export GIT_ASKPASS="/bin/echo" GIT_SSH="/tmp/git-ssh-54c44d5d474e8313ac82.sh" ; /usr/bin/env git ls-remote git@github.com:evanlorim/evanlori-dot-com HEAD )
 DEBUG [888bccf4] 	@@@@@@@@@@@@@@@@@@@@@@@@@@@@@@@@@@@@@@@@@@@@@@@@@@@@@@@@@@@
 DEBUG [888bccf4] 	@    WARNING: REMOTE HOST IDENTIFICATION HAS CHANGED!     @
 DEBUG [888bccf4] 	@@@@@@@@@@@@@@@@@@@@@@@@@@@@@@@@@@@@@@@@@@@@@@@@@@@@@@@@@@@
 DEBUG [888bccf4] 	IT IS POSSIBLE THAT SOMEONE IS DOING SOMETHING NASTY!
 DEBUG [888bccf4] 	Someone could be eavesdropping on you right now (man-in-the-middle attack)!
 DEBUG [888bccf4] 	It is also possible that a host key has just been changed.
 DEBUG [888bccf4] 	The fingerprint for the RSA key sent by the remote host is
SHA256:uNiVztksCsDhcc0u9e8BujQXVUpKZIDTMczCvj3tD2s.
 DEBUG [888bccf4] 	Please contact your system administrator.
 DEBUG [888bccf4] 	Add correct host key in /home/deploy/.ssh/known_hosts to get rid of this message.
 DEBUG [888bccf4] 	Offending RSA key in /home/deploy/.ssh/known_hosts:1
 DEBUG [888bccf4] 	  remove with:
 DEBUG [888bccf4] 	  ssh-keygen -f "/home/deploy/.ssh/known_hosts" -R "github.com"
 DEBUG [888bccf4] 	Keyboard-interactive authentication is disabled to avoid man-in-the-middle attacks.
 DEBUG [888bccf4] 	1d690042e01c85d4e0af1e084c45a98f0e497a88	HEAD
  INFO [888bccf4] Finished in 1.099 seconds with exit status 0 (successful).
  INFO [c578891e] Running /usr/bin/env mkdir -p /var/www/evanlori.com/shared /var/www/evanlori.com/releases as deploy@104.236.44.151
 DEBUG [c578891e] Command: /usr/bin/env mkdir -p /var/www/evanlori.com/shared /var/www/evanlori.com/releases
  INFO [c578891e] Finished in 0.051 seconds with exit status 0 (successful).
 DEBUG [38665d90] Running [ -f /var/www/evanlori.com/current/REVISION ] as deploy@104.236.44.151
 DEBUG [38665d90] Command: [ -f /var/www/evanlori.com/current/REVISION ]
 DEBUG [38665d90] Finished in 0.098 seconds with exit status 0 (successful).
 DEBUG [e05859cb] Running /usr/bin/env cat /var/www/evanlori.com/current/REVISION 2>/dev/null as deploy@104.236.44.151
 DEBUG [e05859cb] Command: /usr/bin/env cat /var/www/evanlori.com/current/REVISION 2>/dev/null
 DEBUG [e05859cb] 	999705263c71fa99e902cef47cef5f802c8dfca2
 DEBUG [e05859cb] Finished in 0.103 seconds with exit status 0 (successful).
 DEBUG [00e185a9] Running [ -f /var/www/evanlori.com/current/REVISION_TIME ] as deploy@104.236.44.151
 DEBUG [00e185a9] Command: [ -f /var/www/evanlori.com/current/REVISION_TIME ]
 DEBUG [00e185a9] Finished in 0.101 seconds with exit status 0 (successful).
 DEBUG [6dd21857] Running /usr/bin/env cat /var/www/evanlori.com/current/REVISION_TIME 2>/dev/null as deploy@104.236.44.151
 DEBUG [6dd21857] Command: /usr/bin/env cat /var/www/evanlori.com/current/REVISION_TIME 2>/dev/null
 DEBUG [6dd21857] 	1752855904
 DEBUG [6dd21857] Finished in 0.097 seconds with exit status 0 (successful).
 DEBUG [2f78af7b] Running [ -f /var/www/evanlori.com/repo/HEAD ] as deploy@104.236.44.151
 DEBUG [2f78af7b] Command: [ -f /var/www/evanlori.com/repo/HEAD ]
 DEBUG [2f78af7b] Finished in 0.093 seconds with exit status 0 (successful).
  INFO The repository mirror is at /var/www/evanlori.com/repo
 DEBUG [8731db55] Running if test ! -d /var/www/evanlori.com/repo; then echo "Directory does not exist '/var/www/evanlori.com/repo'" 1>&2; false; fi as deploy@104.236.44.151
 DEBUG [8731db55] Command: if test ! -d /var/www/evanlori.com/repo; then echo "Directory does not exist '/var/www/evanlori.com/repo'" 1>&2; false; fi
 DEBUG [8731db55] Finished in 0.093 seconds with exit status 0 (successful).
  INFO [03d1f810] Running /usr/bin/env git remote set-url origin git@github.com:evanlorim/evanlori-dot-com as deploy@104.236.44.151
 DEBUG [03d1f810] Command: cd /var/www/evanlori.com/repo && ( export GIT_ASKPASS="/bin/echo" GIT_SSH="/tmp/git-ssh-54c44d5d474e8313ac82.sh" ; /usr/bin/env git remote set-url origin git@github.com:evanlorim/evanlori-dot-com )
  INFO [03d1f810] Finished in 0.093 seconds with exit status 0 (successful).
  INFO [843de911] Running /usr/bin/env git remote update --prune as deploy@104.236.44.151
 DEBUG [843de911] Command: cd /var/www/evanlori.com/repo && ( export GIT_ASKPASS="/bin/echo" GIT_SSH="/tmp/git-ssh-54c44d5d474e8313ac82.sh" ; /usr/bin/env git remote update --prune )
 DEBUG [843de911] 	Fetching origin
 DEBUG [843de911] 	@@@@@@@@@@@@@@@@@@@@@@@@@@@@@@@@@@@@@@@@@@@@@@@@@@@@@@@@@@@
 DEBUG [843de911] 	@    WARNING: REMOTE HOST IDENTIFICATION HAS CHANGED!     @
 DEBUG [843de911] 	@@@@@@@@@@@@@@@@@@@@@@@@@@@@@@@@@@@@@@@@@@@@@@@@@@@@@@@@@@@
 DEBUG [843de911] 	IT IS POSSIBLE THAT SOMEONE IS DOING SOMETHING NASTY!
 DEBUG [843de911] 	Someone could be eavesdropping on you right now (man-in-the-middle attack)!
 DEBUG [843de911] 	It is also possible that a host key has just been changed.
 DEBUG [843de911] 	The fingerprint for the RSA key sent by the remote host is
SHA256:uNiVztksCsDhcc0u9e8BujQXVUpKZIDTMczCvj3tD2s.
 DEBUG [843de911] 	Please contact your system administrator.
 DEBUG [843de911] 	Add correct host key in /home/deploy/.ssh/known_hosts to get rid of this message.
 DEBUG [843de911] 	Offending RSA key in /home/deploy/.ssh/known_hosts:1
 DEBUG [843de911] 	  remove with:
 DEBUG [843de911] 	  ssh-keygen -f "/home/deploy/.ssh/known_hosts" -R "github.com"
 DEBUG [843de911] 	Keyboard-interactive authentication is disabled to avoid man-in-the-middle attacks.
 DEBUG [843de911] 	From github.com:evanlorim/evanlori-dot-com
   99970526..1d690042  master     -> master
  INFO [843de911] Finished in 0.823 seconds with exit status 0 (successful).
 DEBUG [229e9221] Running if test ! -d /var/www/evanlori.com/repo; then echo "Directory does not exist '/var/www/evanlori.com/repo'" 1>&2; false; fi as deploy@104.236.44.151
 DEBUG [229e9221] Command: if test ! -d /var/www/evanlori.com/repo; then echo "Directory does not exist '/var/www/evanlori.com/repo'" 1>&2; false; fi
 DEBUG [229e9221] Finished in 0.056 seconds with exit status 0 (successful).
  INFO [37d9ad2e] Running /usr/bin/env mkdir -p /var/www/evanlori.com/releases/20250718162739 as deploy@104.236.44.151
 DEBUG [37d9ad2e] Command: cd /var/www/evanlori.com/repo && ( export GIT_ASKPASS="/bin/echo" GIT_SSH="/tmp/git-ssh-54c44d5d474e8313ac82.sh" ; /usr/bin/env mkdir -p /var/www/evanlori.com/releases/20250718162739 )
  INFO [37d9ad2e] Finished in 0.107 seconds with exit status 0 (successful).
  INFO [e205e09d] Running /usr/bin/env git archive master _site | /usr/bin/env tar -x --strip-components 1 -f - -C /var/www/evanlori.com/releases/20250718162739 as deploy@104.236.44.151
 DEBUG [e205e09d] Command: cd /var/www/evanlori.com/repo && ( export GIT_ASKPASS="/bin/echo" GIT_SSH="/tmp/git-ssh-54c44d5d474e8313ac82.sh" ; /usr/bin/env git archive master _site | /usr/bin/env tar -x --strip-components 1 -f - -C /var/www/evanlori.com/releases/20250718162739 )
  INFO [e205e09d] Finished in 0.211 seconds with exit status 0 (successful).
 DEBUG [c3fd8e93] Running if test ! -d /var/www/evanlori.com/repo; then echo "Directory does not exist '/var/www/evanlori.com/repo'" 1>&2; false; fi as deploy@104.236.44.151
 DEBUG [c3fd8e93] Command: if test ! -d /var/www/evanlori.com/repo; then echo "Directory does not exist '/var/www/evanlori.com/repo'" 1>&2; false; fi
 DEBUG [c3fd8e93] Finished in 0.092 seconds with exit status 0 (successful).
 DEBUG [7a0eb7f1] Running /usr/bin/env git rev-list --max-count=1 master as deploy@104.236.44.151
 DEBUG [7a0eb7f1] Command: cd /var/www/evanlori.com/repo && ( export GIT_ASKPASS="/bin/echo" GIT_SSH="/tmp/git-ssh-54c44d5d474e8313ac82.sh" ; /usr/bin/env git rev-list --max-count=1 master )
 DEBUG [7a0eb7f1] 	1d690042e01c85d4e0af1e084c45a98f0e497a88
 DEBUG [7a0eb7f1] Finished in 0.113 seconds with exit status 0 (successful).
 DEBUG [becbd12d] Running if test ! -d /var/www/evanlori.com/releases/20250718162739; then echo "Directory does not exist '/var/www/evanlori.com/releases/20250718162739'" 1>&2; false; fi as deploy@104.236.44.151
 DEBUG [becbd12d] Command: if test ! -d /var/www/evanlori.com/releases/20250718162739; then echo "Directory does not exist '/var/www/evanlori.com/releases/20250718162739'" 1>&2; false; fi
 DEBUG [becbd12d] Finished in 0.095 seconds with exit status 0 (successful).
  INFO [8c73b40b] Running /usr/bin/env echo "1d690042e01c85d4e0af1e084c45a98f0e497a88" > REVISION as deploy@104.236.44.151
 DEBUG [8c73b40b] Command: cd /var/www/evanlori.com/releases/20250718162739 && /usr/bin/env echo "1d690042e01c85d4e0af1e084c45a98f0e497a88" > REVISION
  INFO [8c73b40b] Finished in 0.101 seconds with exit status 0 (successful).
 DEBUG [9f091336] Running if test ! -d /var/www/evanlori.com/repo; then echo "Directory does not exist '/var/www/evanlori.com/repo'" 1>&2; false; fi as deploy@104.236.44.151
 DEBUG [9f091336] Command: if test ! -d /var/www/evanlori.com/repo; then echo "Directory does not exist '/var/www/evanlori.com/repo'" 1>&2; false; fi
 DEBUG [9f091336] Finished in 0.094 seconds with exit status 0 (successful).
 DEBUG [5c9768ef] Running /usr/bin/env git --no-pager log -1 --pretty=format:"%ct" master as deploy@104.236.44.151
 DEBUG [5c9768ef] Command: cd /var/www/evanlori.com/repo && ( export GIT_ASKPASS="/bin/echo" GIT_SSH="/tmp/git-ssh-54c44d5d474e8313ac82.sh" ; /usr/bin/env git --no-pager log -1 --pretty=format:"%ct" master )
 DEBUG [5c9768ef] 	1752856045
 DEBUG [5c9768ef] Finished in 0.103 seconds with exit status 0 (successful).
 DEBUG [e1c68618] Running if test ! -d /var/www/evanlori.com/releases/20250718162739; then echo "Directory does not exist '/var/www/evanlori.com/releases/20250718162739'" 1>&2; false; fi as deploy@104.236.44.151
 DEBUG [e1c68618] Command: if test ! -d /var/www/evanlori.com/releases/20250718162739; then echo "Directory does not exist '/var/www/evanlori.com/releases/20250718162739'" 1>&2; false; fi
 DEBUG [e1c68618] Finished in 0.096 seconds with exit status 0 (successful).
  INFO [7b5e6b2d] Running /usr/bin/env echo "1752856045" > REVISION_TIME as deploy@104.236.44.151
 DEBUG [7b5e6b2d] Command: cd /var/www/evanlori.com/releases/20250718162739 && /usr/bin/env echo "1752856045" > REVISION_TIME
  INFO [7b5e6b2d] Finished in 0.109 seconds with exit status 0 (successful).
  INFO [093b6419] Running /usr/bin/env ln -s /var/www/evanlori.com/releases/20250718162739 /var/www/evanlori.com/releases/current as deploy@104.236.44.151
 DEBUG [093b6419] Command: /usr/bin/env ln -s /var/www/evanlori.com/releases/20250718162739 /var/www/evanlori.com/releases/current
  INFO [093b6419] Finished in 0.110 seconds with exit status 0 (successful).
  INFO [583a3032] Running /usr/bin/env mv /var/www/evanlori.com/releases/current /var/www/evanlori.com as deploy@104.236.44.151
 DEBUG [583a3032] Command: /usr/bin/env mv /var/www/evanlori.com/releases/current /var/www/evanlori.com
  INFO [583a3032] Finished in 0.098 seconds with exit status 0 (successful).
 DEBUG [5e4879f1] Running /usr/bin/env ls -x /var/www/evanlori.com/releases as deploy@104.236.44.151
 DEBUG [5e4879f1] Command: /usr/bin/env ls -x /var/www/evanlori.com/releases
 DEBUG [5e4879f1] 	20250704171147	20250718155952	20250718160423	20250718161007	20250718162515
20250718162739
 DEBUG [5e4879f1] Finished in 0.097 seconds with exit status 0 (successful).
  INFO Keeping 5 of 6 deployed releases on 104.236.44.151
 DEBUG [79657ed5] Running [ -d /var/www/evanlori.com/current ] as deploy@104.236.44.151
 DEBUG [79657ed5] Command: [ -d /var/www/evanlori.com/current ]
 DEBUG [79657ed5] Finished in 0.096 seconds with exit status 0 (successful).
 DEBUG [a002b1a9] Running /usr/bin/env readlink /var/www/evanlori.com/current as deploy@104.236.44.151
 DEBUG [a002b1a9] Command: /usr/bin/env readlink /var/www/evanlori.com/current
 DEBUG [a002b1a9] 	/var/www/evanlori.com/releases/20250718162739
 DEBUG [a002b1a9] Finished in 0.094 seconds with exit status 0 (successful).
  INFO [51bfeafb] Running /usr/bin/env rm -rf /var/www/evanlori.com/releases/20250704171147 as deploy@104.236.44.151
 DEBUG [51bfeafb] Command: /usr/bin/env rm -rf /var/www/evanlori.com/releases/20250704171147
  INFO [51bfeafb] Finished in 0.130 seconds with exit status 0 (successful).
 DEBUG [527bf843] Running if test ! -d /var/www/evanlori.com/releases; then echo "Directory does not exist '/var/www/evanlori.com/releases'" 1>&2; false; fi as deploy@104.236.44.151
 DEBUG [527bf843] Command: if test ! -d /var/www/evanlori.com/releases; then echo "Directory does not exist '/var/www/evanlori.com/releases'" 1>&2; false; fi
 DEBUG [527bf843] Finished in 0.093 seconds with exit status 0 (successful).
  INFO [0050e666] Running /usr/bin/env echo "Branch master (at 1d690042e01c85d4e0af1e084c45a98f0e497a88) deployed as release 20250718162739 by elm" >> /var/www/evanlori.com/revisions.log as deploy@104.236.44.151
 DEBUG [0050e666] Command: cd /var/www/evanlori.com/releases && /usr/bin/env echo "Branch master (at 1d690042e01c85d4e0af1e084c45a98f0e497a88) deployed as release 20250718162739 by elm" >> /var/www/evanlori.com/revisions.log
  INFO [0050e666] Finished in 0.098 seconds with exit status 0 (successful).
